<?xml version="1.0" encoding="UTF-8"?>
<coverage generated="1736373511571" clover="3.2.0">
  <project timestamp="1736373511571" name="All files">
    <metrics statements="357" coveredstatements="289" conditionals="247" coveredconditionals="187" methods="64" coveredmethods="55" elements="668" coveredelements="531" complexity="0" loc="357" ncloc="357" packages="2" files="7" classes="7"/>
    <package name="src">
      <metrics statements="327" coveredstatements="279" conditionals="237" coveredconditionals="186" methods="56" coveredmethods="54"/>
      <file name="enums.ts" path="/Users/jared/khan/graphql-flow/src/enums.ts">
        <metrics statements="23" coveredstatements="15" conditionals="12" coveredconditionals="6" methods="6" coveredmethods="4"/>
        <line num="10" count="1" type="stmt"/>
        <line num="15" count="0" type="stmt"/>
        <line num="19" count="0" type="stmt"/>
        <line num="26" count="0" type="cond" truecount="0" falsecount="2"/>
        <line num="27" count="0" type="stmt"/>
        <line num="30" count="0" type="stmt"/>
        <line num="36" count="1" type="stmt"/>
        <line num="37" count="6" type="stmt"/>
        <line num="38" count="6" type="stmt"/>
        <line num="41" count="18" type="stmt"/>
        <line num="47" count="6" type="cond" truecount="1" falsecount="1"/>
        <line num="48" count="0" type="stmt"/>
        <line num="52" count="6" type="cond" truecount="1" falsecount="1"/>
        <line num="58" count="18" type="stmt"/>
        <line num="68" count="1" type="stmt"/>
        <line num="78" count="1" type="stmt"/>
        <line num="79" count="67" type="cond" truecount="2" falsecount="0"/>
        <line num="80" count="61" type="stmt"/>
        <line num="84" count="6" type="stmt"/>
        <line num="85" count="6" type="cond" truecount="1" falsecount="1"/>
        <line num="86" count="6" type="stmt"/>
        <line num="90" count="0" type="stmt"/>
        <line num="93" count="0" type="stmt"/>
      </file>
      <file name="generateResponseType.ts" path="/Users/jared/khan/graphql-flow/src/generateResponseType.ts">
        <metrics statements="156" coveredstatements="126" conditionals="129" coveredconditionals="100" methods="21" coveredmethods="21"/>
        <line num="28" count="1" type="stmt"/>
        <line num="33" count="16" type="stmt"/>
        <line num="42" count="16" type="stmt"/>
        <line num="45" count="1" type="stmt"/>
        <line num="49" count="52" type="stmt"/>
        <line num="51" count="77" type="cond" truecount="1" falsecount="1"/>
        <line num="55" count="77" type="cond" truecount="1" falsecount="1"/>
        <line num="56" count="77" type="cond" truecount="1" falsecount="1"/>
        <line num="57" count="77" type="cond" truecount="2" falsecount="0"/>
        <line num="59" count="0" type="stmt"/>
        <line num="62" count="52" type="stmt"/>
        <line num="63" count="52" type="stmt"/>
        <line num="64" count="52" type="cond" truecount="4" falsecount="0"/>
        <line num="65" count="3" type="stmt"/>
        <line num="66" count="3" type="stmt"/>
        <line num="68" count="49" type="stmt"/>
        <line num="72" count="1" type="stmt"/>
        <line num="77" count="3" type="stmt"/>
        <line num="80" count="3" type="cond" truecount="1" falsecount="1"/>
        <line num="81" count="0" type="stmt"/>
        <line num="90" count="3" type="cond" truecount="1" falsecount="1"/>
        <line num="91" count="3" type="stmt"/>
        <line num="96" count="0" type="cond" truecount="0" falsecount="2"/>
        <line num="97" count="0" type="stmt"/>
        <line num="103" count="0" type="stmt"/>
        <line num="106" count="3" type="stmt"/>
        <line num="109" count="1" type="stmt"/>
        <line num="114" count="103" type="cond" truecount="2" falsecount="0"/>
        <line num="115" count="61" type="stmt"/>
        <line num="117" count="42" type="cond" truecount="2" falsecount="0"/>
        <line num="118" count="13" type="stmt"/>
        <line num="127" count="29" type="cond" truecount="2" falsecount="0"/>
        <line num="128" count="1" type="stmt"/>
        <line num="129" count="1" type="cond" truecount="1" falsecount="1"/>
        <line num="130" count="0" type="stmt"/>
        <line num="131" count="0" type="stmt"/>
        <line num="133" count="1" type="stmt"/>
        <line num="140" count="28" type="cond" truecount="2" falsecount="0"/>
        <line num="141" count="13" type="cond" truecount="1" falsecount="1"/>
        <line num="142" count="0" type="stmt"/>
        <line num="143" count="0" type="stmt"/>
        <line num="145" count="13" type="stmt"/>
        <line num="151" count="15" type="cond" truecount="2" falsecount="0"/>
        <line num="152" count="4" type="stmt"/>
        <line num="154" count="11" type="cond" truecount="1" falsecount="1"/>
        <line num="155" count="0" type="stmt"/>
        <line num="156" count="0" type="stmt"/>
        <line num="159" count="11" type="stmt"/>
        <line num="160" count="11" type="cond" truecount="1" falsecount="1"/>
        <line num="161" count="0" type="stmt"/>
        <line num="162" count="0" type="stmt"/>
        <line num="164" count="11" type="stmt"/>
        <line num="165" count="11" type="cond" truecount="1" falsecount="1"/>
        <line num="166" count="0" type="stmt"/>
        <line num="167" count="0" type="stmt"/>
        <line num="169" count="11" type="stmt"/>
        <line num="180" count="1" type="stmt"/>
        <line num="186" count="103" type="cond" truecount="2" falsecount="0"/>
        <line num="187" count="27" type="stmt"/>
        <line num="190" count="76" type="cond" truecount="1" falsecount="1"/>
        <line num="191" count="0" type="stmt"/>
        <line num="193" count="76" type="stmt"/>
        <line num="194" count="76" type="stmt"/>
        <line num="195" count="76" type="stmt"/>
        <line num="198" count="1" type="stmt"/>
        <line num="201" count="62" type="stmt"/>
        <line num="202" count="62" type="stmt"/>
        <line num="206" count="108" type="cond" truecount="2" falsecount="0"/>
        <line num="212" count="16" type="cond" truecount="3" falsecount="1"/>
        <line num="217" count="16" type="cond" truecount="1" falsecount="1"/>
        <line num="218" count="0" type="cond" truecount="0" falsecount="2"/>
        <line num="219" count="0" type="stmt"/>
        <line num="223" count="0" type="stmt"/>
        <line num="225" count="16" type="stmt"/>
        <line num="227" count="108" type="stmt"/>
        <line num="231" count="1" type="stmt"/>
        <line num="237" count="27" type="stmt"/>
        <line num="245" count="1" type="stmt"/>
        <line num="255" count="40" type="stmt"/>
        <line num="256" count="59" type="cond" truecount="3" falsecount="1"/>
        <line num="259" count="3" type="cond" truecount="2" falsecount="0"/>
        <line num="260" count="3" type="cond" truecount="2" falsecount="0"/>
        <line num="261" count="1" type="stmt"/>
        <line num="263" count="2" type="stmt"/>
        <line num="271" count="2" type="cond" truecount="2" falsecount="0"/>
        <line num="272" count="1" type="stmt"/>
        <line num="275" count="1" type="stmt"/>
        <line num="287" count="1" type="stmt"/>
        <line num="295" count="54" type="stmt"/>
        <line num="296" count="54" type="cond" truecount="2" falsecount="0"/>
        <line num="299" count="54" type="cond" truecount="2" falsecount="0"/>
        <line num="300" count="1" type="stmt"/>
        <line num="311" count="53" type="cond" truecount="2" falsecount="0"/>
        <line num="312" count="1" type="stmt"/>
        <line num="315" count="1" type="stmt"/>
        <line num="328" count="52" type="stmt"/>
        <line num="330" count="52" type="stmt"/>
        <line num="352" count="0" type="stmt"/>
        <line num="355" count="0" type="stmt"/>
        <line num="360" count="1" type="stmt"/>
        <line num="371" count="17" type="stmt"/>
        <line num="372" count="27" type="stmt"/>
        <line num="377" count="17" type="stmt"/>
        <line num="380" count="18" type="cond" truecount="1" falsecount="1"/>
        <line num="383" count="35" type="stmt"/>
        <line num="387" count="35" type="stmt"/>
        <line num="392" count="63" type="stmt"/>
        <line num="404" count="17" type="cond" truecount="2" falsecount="0"/>
        <line num="405" count="10" type="stmt"/>
        <line num="406" count="10" type="stmt"/>
        <line num="408" count="10" type="cond" truecount="3" falsecount="0"/>
        <line num="412" count="10" type="cond" truecount="2" falsecount="0"/>
        <line num="413" count="1" type="stmt"/>
        <line num="419" count="2" type="stmt"/>
        <line num="429" count="10" type="stmt"/>
        <line num="431" count="7" type="cond" truecount="1" falsecount="1"/>
        <line num="432" count="0" type="stmt"/>
        <line num="467" count="7" type="stmt"/>
        <line num="469" count="15" type="stmt"/>
        <line num="475" count="7" type="stmt"/>
        <line num="476" count="7" type="cond" truecount="4" falsecount="0"/>
        <line num="477" count="1" type="stmt"/>
        <line num="478" count="1" type="stmt"/>
        <line num="480" count="6" type="stmt"/>
        <line num="482" count="1" type="stmt"/>
        <line num="488" count="77" type="cond" truecount="4" falsecount="0"/>
        <line num="489" count="15" type="cond" truecount="1" falsecount="1"/>
        <line num="492" count="15" type="stmt"/>
        <line num="503" count="62" type="cond" truecount="4" falsecount="0"/>
        <line num="505" count="38" type="stmt"/>
        <line num="506" count="38" type="cond" truecount="1" falsecount="1"/>
        <line num="507" count="38" type="cond" truecount="1" falsecount="1"/>
        <line num="508" count="0" type="stmt"/>
        <line num="516" count="0" type="stmt"/>
        <line num="527" count="38" type="stmt"/>
        <line num="528" count="38" type="stmt"/>
        <line num="543" count="24" type="cond" truecount="2" falsecount="0"/>
        <line num="544" count="4" type="stmt"/>
        <line num="545" count="4" type="cond" truecount="1" falsecount="1"/>
        <line num="546" count="0" type="stmt"/>
        <line num="548" count="4" type="stmt"/>
        <line num="549" count="4" type="cond" truecount="1" falsecount="1"/>
        <line num="556" count="4" type="stmt"/>
        <line num="558" count="14" type="stmt"/>
        <line num="566" count="0" type="stmt"/>
        <line num="569" count="20" type="cond" truecount="1" falsecount="1"/>
        <line num="570" count="0" type="stmt"/>
        <line num="573" count="0" type="cond" truecount="0" falsecount="2"/>
        <line num="574" count="0" type="stmt"/>
        <line num="579" count="0" type="stmt"/>
        <line num="581" count="20" type="cond" truecount="2" falsecount="0"/>
        <line num="582" count="18" type="stmt"/>
        <line num="584" count="18" type="stmt"/>
        <line num="587" count="18" type="cond" truecount="4" falsecount="0"/>
        <line num="588" count="10" type="stmt"/>
        <line num="591" count="10" type="stmt"/>
      </file>
      <file name="generateVariablesType.ts" path="/Users/jared/khan/graphql-flow/src/generateVariablesType.ts">
        <metrics statements="51" coveredstatements="44" conditionals="31" coveredconditionals="24" methods="9" coveredmethods="9"/>
        <line num="14" count="1" type="stmt"/>
        <line num="18" count="1" type="stmt"/>
        <line num="19" count="1" type="cond" truecount="1" falsecount="1"/>
        <line num="20" count="0" type="stmt"/>
        <line num="21" count="0" type="stmt"/>
        <line num="26" count="1" type="stmt"/>
        <line num="28" count="1" type="stmt"/>
        <line num="32" count="5" type="stmt"/>
        <line num="44" count="1" type="stmt"/>
        <line num="48" count="10" type="stmt"/>
        <line num="54" count="10" type="cond" truecount="2" falsecount="0"/>
        <line num="55" count="4" type="stmt"/>
        <line num="57" count="10" type="stmt"/>
        <line num="60" count="1" type="stmt"/>
        <line num="65" count="7" type="cond" truecount="2" falsecount="0"/>
        <line num="66" count="5" type="stmt"/>
        <line num="67" count="5" type="cond" truecount="2" falsecount="0"/>
        <line num="69" count="2" type="stmt"/>
        <line num="70" count="2" type="stmt"/>
        <line num="73" count="1" type="stmt"/>
        <line num="77" count="7" type="cond" truecount="2" falsecount="0"/>
        <line num="78" count="4" type="stmt"/>
        <line num="80" count="3" type="cond" truecount="2" falsecount="0"/>
        <line num="81" count="1" type="stmt"/>
        <line num="83" count="2" type="cond" truecount="1" falsecount="1"/>
        <line num="84" count="0" type="stmt"/>
        <line num="86" count="2" type="cond" truecount="1" falsecount="1"/>
        <line num="87" count="2" type="stmt"/>
        <line num="94" count="0" type="stmt"/>
        <line num="99" count="1" type="stmt"/>
        <line num="100" count="5" type="cond" truecount="2" falsecount="0"/>
        <line num="101" count="4" type="stmt"/>
        <line num="103" count="1" type="stmt"/>
        <line num="104" count="1" type="stmt"/>
        <line num="107" count="1" type="stmt"/>
        <line num="108" count="5" type="cond" truecount="1" falsecount="1"/>
        <line num="109" count="5" type="cond" truecount="2" falsecount="0"/>
        <line num="110" count="2" type="stmt"/>
        <line num="112" count="3" type="cond" truecount="2" falsecount="0"/>
        <line num="113" count="1" type="stmt"/>
        <line num="115" count="2" type="stmt"/>
        <line num="116" count="2" type="cond" truecount="2" falsecount="0"/>
        <line num="117" count="1" type="stmt"/>
        <line num="121" count="1" type="stmt"/>
        <line num="123" count="0" type="cond" truecount="0" falsecount="2"/>
        <line num="124" count="0" type="stmt"/>
        <line num="131" count="0" type="stmt"/>
        <line num="136" count="1" type="stmt"/>
        <line num="141" count="16" type="stmt"/>
        <line num="143" count="5" type="stmt"/>
        <line num="149" count="16" type="stmt"/>
      </file>
      <file name="index.ts" path="/Users/jared/khan/graphql-flow/src/index.ts">
        <metrics statements="38" coveredstatements="38" conditionals="33" coveredconditionals="28" methods="7" coveredmethods="7"/>
        <line num="22" count="1" type="stmt"/>
        <line num="28" count="16" type="stmt"/>
        <line num="35" count="16" type="stmt"/>
        <line num="36" count="16" type="stmt"/>
        <line num="37" count="19" type="cond" truecount="2" falsecount="0"/>
        <line num="38" count="3" type="stmt"/>
        <line num="41" count="16" type="stmt"/>
        <line num="53" count="16" type="stmt"/>
        <line num="59" count="2" type="stmt"/>
        <line num="60" count="2" type="stmt"/>
        <line num="64" count="1" type="stmt"/>
        <line num="80" count="16" type="stmt"/>
        <line num="81" count="16" type="stmt"/>
        <line num="87" count="16" type="stmt"/>
        <line num="89" count="19" type="cond" truecount="2" falsecount="0"/>
        <line num="90" count="3" type="stmt"/>
        <line num="91" count="3" type="stmt"/>
        <line num="92" count="3" type="stmt"/>
        <line num="104" count="3" type="stmt"/>
        <line num="105" count="3" type="stmt"/>
        <line num="109" count="3" type="stmt"/>
        <line num="118" count="16" type="cond" truecount="1" falsecount="1"/>
        <line num="123" count="16" type="stmt"/>
        <line num="124" count="16" type="stmt"/>
        <line num="125" count="16" type="stmt"/>
        <line num="132" count="16" type="stmt"/>
        <line num="137" count="16" type="stmt"/>
        <line num="140" count="16" type="stmt"/>
        <line num="142" count="16" type="stmt"/>
        <line num="143" count="16" type="stmt"/>
        <line num="147" count="16" type="stmt"/>
        <line num="151" count="16" type="cond" truecount="2" falsecount="0"/>
        <line num="152" count="2" type="stmt"/>
        <line num="154" count="14" type="stmt"/>
        <line num="162" count="38" type="stmt"/>
        <line num="163" count="38" type="stmt"/>
        <line num="164" count="4" type="stmt"/>
        <line num="166" count="38" type="stmt"/>
      </file>
      <file name="schemaFromIntrospectionData.ts" path="/Users/jared/khan/graphql-flow/src/schemaFromIntrospectionData.ts">
        <metrics statements="27" coveredstatements="26" conditionals="12" coveredconditionals="11" methods="5" coveredmethods="5"/>
        <line num="8" count="1" type="stmt"/>
        <line num="11" count="1" type="stmt"/>
        <line num="19" count="1" type="stmt"/>
        <line num="20" count="21" type="cond" truecount="2" falsecount="0"/>
        <line num="21" count="3" type="stmt"/>
        <line num="22" count="3" type="stmt"/>
        <line num="24" count="18" type="cond" truecount="2" falsecount="0"/>
        <line num="25" count="1" type="stmt"/>
        <line num="26" count="1" type="stmt"/>
        <line num="28" count="17" type="cond" truecount="2" falsecount="0"/>
        <line num="29" count="1" type="stmt"/>
        <line num="34" count="1" type="stmt"/>
        <line num="36" count="2" type="stmt"/>
        <line num="40" count="1" type="stmt"/>
        <line num="41" count="4" type="stmt"/>
        <line num="44" count="1" type="stmt"/>
        <line num="46" count="16" type="cond" truecount="2" falsecount="0"/>
        <line num="47" count="1" type="stmt"/>
        <line num="48" count="1" type="stmt"/>
        <line num="50" count="15" type="cond" truecount="2" falsecount="0"/>
        <line num="51" count="4" type="stmt"/>
        <line num="53" count="11" type="stmt"/>
        <line num="57" count="11" type="cond" truecount="1" falsecount="1"/>
        <line num="58" count="0" type="stmt"/>
        <line num="61" count="11" type="stmt"/>
        <line num="62" count="57" type="stmt"/>
        <line num="66" count="1" type="stmt"/>
      </file>
      <file name="utils.ts" path="/Users/jared/khan/graphql-flow/src/utils.ts">
        <metrics statements="32" coveredstatements="30" conditionals="20" coveredconditionals="17" methods="8" coveredmethods="8"/>
        <line num="4" count="1" type="stmt"/>
        <line num="7" count="100" type="stmt"/>
        <line num="10" count="1" type="stmt"/>
        <line num="14" count="75" type="cond" truecount="2" falsecount="0"/>
        <line num="15" count="30" type="stmt"/>
        <line num="17" count="75" type="stmt"/>
        <line num="24" count="30" type="cond" truecount="1" falsecount="1"/>
        <line num="25" count="0" type="stmt"/>
        <line num="27" count="30" type="stmt"/>
        <line num="36" count="1" type="stmt"/>
        <line num="40" count="179" type="cond" truecount="2" falsecount="0"/>
        <line num="41" count="16" type="stmt"/>
        <line num="45" count="16" type="stmt"/>
        <line num="47" count="179" type="stmt"/>
        <line num="51" count="80" type="stmt"/>
        <line num="59" count="10" type="stmt"/>
        <line num="60" count="10" type="stmt"/>
        <line num="61" count="10" type="cond" truecount="2" falsecount="0"/>
        <line num="62" count="4" type="stmt"/>
        <line num="63" count="12" type="cond" truecount="2" falsecount="0"/>
        <line num="64" count="4" type="stmt"/>
        <line num="65" count="8" type="cond" truecount="2" falsecount="0"/>
        <line num="66" count="4" type="stmt"/>
        <line num="70" count="10" type="cond" truecount="2" falsecount="0"/>
        <line num="76" count="69" type="stmt"/>
        <line num="77" count="69" type="stmt"/>
        <line num="78" count="104" type="cond" truecount="1" falsecount="1"/>
        <line num="79" count="104" type="cond" truecount="1" falsecount="1"/>
        <line num="80" count="0" type="stmt"/>
        <line num="82" count="104" type="stmt"/>
        <line num="84" count="104" type="stmt"/>
        <line num="86" count="69" type="stmt"/>
      </file>
    </package>
    <package name="src.cli">
      <metrics statements="30" coveredstatements="10" conditionals="10" coveredconditionals="1" methods="8" coveredmethods="1"/>
      <file name="config.ts" path="/Users/jared/khan/graphql-flow/src/cli/config.ts">
        <metrics statements="30" coveredstatements="10" conditionals="10" coveredconditionals="1" methods="8" coveredmethods="1"/>
        <line num="18" count="1" type="stmt"/>
        <line num="19" count="0" type="stmt"/>
        <line num="20" count="0" type="cond" truecount="0" falsecount="2"/>
        <line num="21" count="0" type="stmt"/>
        <line num="22" count="0" type="stmt"/>
        <line num="27" count="1" type="stmt"/>
        <line num="28" count="0" type="stmt"/>
        <line num="29" count="0" type="stmt"/>
        <line num="30" count="0" type="stmt"/>
        <line num="36" count="1" type="stmt"/>
        <line num="37" count="1" type="stmt"/>
        <line num="38" count="1" type="cond" truecount="1" falsecount="1"/>
        <line num="39" count="1" type="stmt"/>
        <line num="40" count="1" type="stmt"/>
        <line num="44" count="1" type="stmt"/>
        <line num="47" count="1" type="stmt"/>
        <line num="49" count="0" type="stmt"/>
        <line num="50" count="0" type="stmt"/>
        <line num="52" count="0" type="stmt"/>
        <line num="53" count="0" type="stmt"/>
        <line num="62" count="1" type="stmt"/>
        <line num="66" count="0" type="cond" truecount="0" falsecount="2"/>
        <line num="67" count="0" type="stmt"/>
        <line num="69" count="0" type="stmt"/>
        <line num="70" count="0" type="cond" truecount="0" falsecount="2"/>
        <line num="72" count="0" type="stmt"/>
        <line num="75" count="0" type="stmt"/>
        <line num="77" count="0" type="cond" truecount="0" falsecount="2"/>
        <line num="78" count="0" type="stmt"/>
        <line num="80" count="0" type="stmt"/>
      </file>
    </package>
  </project>
</coverage>
