<?xml version="1.0" encoding="UTF-8"?>
<coverage generated="1750092732425" clover="3.2.0">
  <project timestamp="1750092732425" name="All files">
    <metrics statements="55" coveredstatements="37" conditionals="27" coveredconditionals="17" methods="14" coveredmethods="9" elements="96" coveredelements="63" complexity="0" loc="55" ncloc="55" packages="1" files="1" classes="1"/>
    <file name="config.ts" path="/Users/jared/khan/graphql-flow/src/cli/config.ts">
      <metrics statements="55" coveredstatements="37" conditionals="27" coveredconditionals="17" methods="14" coveredmethods="9"/>
      <line num="21" count="3" type="stmt"/>
      <line num="22" count="3" type="stmt"/>
      <line num="23" count="3" type="cond" truecount="2" falsecount="0"/>
      <line num="24" count="1" type="stmt"/>
      <line num="25" count="4" type="stmt"/>
      <line num="30" count="3" type="stmt"/>
      <line num="31" count="3" type="cond" truecount="1" falsecount="1"/>
      <line num="36" count="3" type="stmt"/>
      <line num="39" count="0" type="stmt"/>
      <line num="40" count="0" type="cond" truecount="0" falsecount="2"/>
      <line num="41" count="0" type="stmt"/>
      <line num="43" count="0" type="cond" truecount="0" falsecount="2"/>
      <line num="44" count="0" type="cond" truecount="0" falsecount="2"/>
      <line num="45" count="0" type="stmt"/>
      <line num="46" count="0" type="stmt"/>
      <line num="49" count="0" type="stmt"/>
      <line num="53" count="0" type="stmt"/>
      <line num="54" count="0" type="stmt"/>
      <line num="57" count="3" type="stmt"/>
      <line num="61" count="0" type="stmt"/>
      <line num="68" count="0" type="stmt"/>
      <line num="71" count="0" type="stmt"/>
      <line num="74" count="3" type="stmt"/>
      <line num="75" count="0" type="cond" truecount="0" falsecount="2"/>
      <line num="88" count="3" type="stmt"/>
      <line num="89" count="2" type="stmt"/>
      <line num="90" count="2" type="cond" truecount="1" falsecount="1"/>
      <line num="91" count="2" type="stmt"/>
      <line num="92" count="2" type="stmt"/>
      <line num="96" count="2" type="stmt"/>
      <line num="99" count="2" type="stmt"/>
      <line num="101" count="0" type="stmt"/>
      <line num="102" count="0" type="stmt"/>
      <line num="104" count="0" type="stmt"/>
      <line num="105" count="0" type="stmt"/>
      <line num="109" count="3" type="stmt"/>
      <line num="113" count="5" type="stmt"/>
      <line num="114" count="5" type="stmt"/>
      <line num="116" count="5" type="cond" truecount="5" falsecount="0"/>
      <line num="117" count="2" type="stmt"/>
      <line num="120" count="3" type="stmt"/>
      <line num="122" count="3" type="stmt"/>
      <line num="124" count="3" type="cond" truecount="2" falsecount="0"/>
      <line num="125" count="1" type="stmt"/>
      <line num="128" count="3" type="stmt"/>
      <line num="136" count="3" type="stmt"/>
      <line num="140" count="6" type="cond" truecount="2" falsecount="0"/>
      <line num="141" count="2" type="stmt"/>
      <line num="143" count="6" type="stmt"/>
      <line num="144" count="10" type="cond" truecount="2" falsecount="0"/>
      <line num="146" count="8" type="stmt"/>
      <line num="149" count="3" type="stmt"/>
      <line num="151" count="7" type="cond" truecount="2" falsecount="0"/>
      <line num="152" count="4" type="stmt"/>
      <line num="154" count="3" type="stmt"/>
    </file>
  </project>
</coverage>
