{"/Users/jared/khan/graphql-flow/src/cli/config.ts": {"path":"/Users/jared/khan/graphql-flow/src/cli/config.ts","statementMap":{"0":{"start":{"line":21,"column":31},"end":{"line":28,"column":1}},"1":{"start":{"line":22,"column":19},"end":{"line":22,"column":46}},"2":{"start":{"line":23,"column":4},"end":{"line":27,"column":5}},"3":{"start":{"line":24,"column":8},"end":{"line":26,"column":10}},"4":{"start":{"line":25,"column":41},"end":{"line":25,"column":57}},"5":{"start":{"line":30,"column":27},"end":{"line":34,"column":1}},"6":{"start":{"line":31,"column":4},"end":{"line":33,"column":49}},"7":{"start":{"line":36,"column":30},"end":{"line":55,"column":1}},"8":{"start":{"line":39,"column":40},"end":{"line":39,"column":71}},"9":{"start":{"line":40,"column":4},"end":{"line":52,"column":5}},"10":{"start":{"line":41,"column":8},"end":{"line":41,"column":29}},"11":{"start":{"line":43,"column":8},"end":{"line":51,"column":9}},"12":{"start":{"line":44,"column":12},"end":{"line":50,"column":13}},"13":{"start":{"line":45,"column":16},"end":{"line":47,"column":19}},"14":{"start":{"line":46,"column":20},"end":{"line":46,"column":62}},"15":{"start":{"line":49,"column":16},"end":{"line":49,"column":66}},"16":{"start":{"line":53,"column":4},"end":{"line":53,"column":40}},"17":{"start":{"line":54,"column":4},"end":{"line":54,"column":16}},"18":{"start":{"line":57,"column":33},"end":{"line":72,"column":1}},"19":{"start":{"line":61,"column":21},"end":{"line":67,"column":5}},"20":{"start":{"line":68,"column":4},"end":{"line":71,"column":54}},"21":{"start":{"line":71,"column":27},"end":{"line":71,"column":52}},"22":{"start":{"line":74,"column":29},"end":{"line":83,"column":1}},"23":{"start":{"line":75,"column":4},"end":{"line":82,"column":12}},"24":{"start":{"line":88,"column":26},"end":{"line":107,"column":1}},"25":{"start":{"line":89,"column":16},"end":{"line":89,"column":55}},"26":{"start":{"line":90,"column":4},"end":{"line":106,"column":5}},"27":{"start":{"line":91,"column":36},"end":{"line":91,"column":52}},"28":{"start":{"line":92,"column":30},"end":{"line":95,"column":10}},"29":{"start":{"line":96,"column":40},"end":{"line":98,"column":9}},"30":{"start":{"line":99,"column":8},"end":{"line":99,"column":62}},"31":{"start":{"line":101,"column":54},"end":{"line":101,"column":69}},"32":{"start":{"line":102,"column":36},"end":{"line":102,"column":72}},"33":{"start":{"line":104,"column":12},"end":{"line":104,"column":58}},"34":{"start":{"line":105,"column":8},"end":{"line":105,"column":62}},"35":{"start":{"line":109,"column":31},"end":{"line":129,"column":1}},"36":{"start":{"line":113,"column":17},"end":{"line":113,"column":34}},"37":{"start":{"line":114,"column":40},"end":{"line":114,"column":46}},"38":{"start":{"line":116,"column":4},"end":{"line":118,"column":5}},"39":{"start":{"line":117,"column":8},"end":{"line":117,"column":21}},"40":{"start":{"line":120,"column":4},"end":{"line":120,"column":63}},"41":{"start":{"line":122,"column":32},"end":{"line":122,"column":58}},"42":{"start":{"line":124,"column":4},"end":{"line":126,"column":5}},"43":{"start":{"line":125,"column":8},"end":{"line":125,"column":49}},"44":{"start":{"line":128,"column":4},"end":{"line":128,"column":19}},"45":{"start":{"line":136,"column":36},"end":{"line":156,"column":1}},"46":{"start":{"line":140,"column":4},"end":{"line":142,"column":5}},"47":{"start":{"line":141,"column":8},"end":{"line":141,"column":28}},"48":{"start":{"line":143,"column":4},"end":{"line":155,"column":7}},"49":{"start":{"line":144,"column":8},"end":{"line":150,"column":9}},"50":{"start":{"line":146,"column":16},"end":{"line":146,"column":46}},"51":{"start":{"line":149,"column":12},"end":{"line":149,"column":25}},"52":{"start":{"line":151,"column":8},"end":{"line":153,"column":9}},"53":{"start":{"line":152,"column":12},"end":{"line":152,"column":24}},"54":{"start":{"line":154,"column":8},"end":{"line":154,"column":78}},"55":{"start":{"line":154,"column":46},"end":{"line":154,"column":76}}},"fnMap":{"0":{"name":"(anonymous_0)","decl":{"start":{"line":21,"column":31},"end":{"line":21,"column":32}},"loc":{"start":{"line":21,"column":72},"end":{"line":28,"column":1}},"line":21},"1":{"name":"(anonymous_1)","decl":{"start":{"line":25,"column":30},"end":{"line":25,"column":31}},"loc":{"start":{"line":25,"column":41},"end":{"line":25,"column":57}},"line":25},"2":{"name":"(anonymous_2)","decl":{"start":{"line":30,"column":27},"end":{"line":30,"column":28}},"loc":{"start":{"line":30,"column":76},"end":{"line":34,"column":1}},"line":30},"3":{"name":"(anonymous_3)","decl":{"start":{"line":36,"column":30},"end":{"line":36,"column":31}},"loc":{"start":{"line":36,"column":63},"end":{"line":55,"column":1}},"line":36},"4":{"name":"(anonymous_4)","decl":{"start":{"line":45,"column":38},"end":{"line":45,"column":39}},"loc":{"start":{"line":45,"column":48},"end":{"line":47,"column":17}},"line":45},"5":{"name":"(anonymous_5)","decl":{"start":{"line":57,"column":33},"end":{"line":57,"column":34}},"loc":{"start":{"line":57,"column":66},"end":{"line":72,"column":1}},"line":57},"6":{"name":"(anonymous_6)","decl":{"start":{"line":71,"column":13},"end":{"line":71,"column":14}},"loc":{"start":{"line":71,"column":27},"end":{"line":71,"column":52}},"line":71},"7":{"name":"(anonymous_7)","decl":{"start":{"line":74,"column":29},"end":{"line":74,"column":30}},"loc":{"start":{"line":74,"column":70},"end":{"line":83,"column":1}},"line":74},"8":{"name":"(anonymous_8)","decl":{"start":{"line":88,"column":26},"end":{"line":88,"column":27}},"loc":{"start":{"line":88,"column":79},"end":{"line":107,"column":1}},"line":88},"9":{"name":"(anonymous_9)","decl":{"start":{"line":109,"column":31},"end":{"line":109,"column":32}},"loc":{"start":{"line":112,"column":25},"end":{"line":129,"column":1}},"line":112},"10":{"name":"(anonymous_10)","decl":{"start":{"line":136,"column":36},"end":{"line":136,"column":37}},"loc":{"start":{"line":139,"column":40},"end":{"line":156,"column":1}},"line":139},"11":{"name":"(anonymous_11)","decl":{"start":{"line":143,"column":24},"end":{"line":143,"column":25}},"loc":{"start":{"line":143,"column":36},"end":{"line":155,"column":5}},"line":143},"12":{"name":"(anonymous_12)","decl":{"start":{"line":145,"column":33},"end":{"line":145,"column":34}},"loc":{"start":{"line":146,"column":16},"end":{"line":146,"column":46}},"line":146},"13":{"name":"(anonymous_13)","decl":{"start":{"line":154,"column":33},"end":{"line":154,"column":34}},"loc":{"start":{"line":154,"column":46},"end":{"line":154,"column":76}},"line":154}},"branchMap":{"0":{"loc":{"start":{"line":23,"column":4},"end":{"line":27,"column":5}},"type":"if","locations":[{"start":{"line":23,"column":4},"end":{"line":27,"column":5}},{"start":{},"end":{}}],"line":23},"1":{"loc":{"start":{"line":31,"column":11},"end":{"line":33,"column":48}},"type":"cond-expr","locations":[{"start":{"line":32,"column":10},"end":{"line":32,"column":27}},{"start":{"line":33,"column":10},"end":{"line":33,"column":48}}],"line":31},"2":{"loc":{"start":{"line":40,"column":4},"end":{"line":52,"column":5}},"type":"if","locations":[{"start":{"line":40,"column":4},"end":{"line":52,"column":5}},{"start":{"line":42,"column":11},"end":{"line":52,"column":5}}],"line":40},"3":{"loc":{"start":{"line":43,"column":8},"end":{"line":51,"column":9}},"type":"if","locations":[{"start":{"line":43,"column":8},"end":{"line":51,"column":9}},{"start":{},"end":{}}],"line":43},"4":{"loc":{"start":{"line":44,"column":12},"end":{"line":50,"column":13}},"type":"if","locations":[{"start":{"line":44,"column":12},"end":{"line":50,"column":13}},{"start":{"line":48,"column":19},"end":{"line":50,"column":13}}],"line":44},"5":{"loc":{"start":{"line":75,"column":11},"end":{"line":82,"column":11}},"type":"cond-expr","locations":[{"start":{"line":76,"column":10},"end":{"line":76,"column":26}},{"start":{"line":77,"column":10},"end":{"line":82,"column":11}}],"line":75},"6":{"loc":{"start":{"line":90,"column":4},"end":{"line":106,"column":5}},"type":"if","locations":[{"start":{"line":90,"column":4},"end":{"line":106,"column":5}},{"start":{"line":100,"column":11},"end":{"line":106,"column":5}}],"line":90},"7":{"loc":{"start":{"line":116,"column":4},"end":{"line":118,"column":5}},"type":"if","locations":[{"start":{"line":116,"column":4},"end":{"line":118,"column":5}},{"start":{},"end":{}}],"line":116},"8":{"loc":{"start":{"line":116,"column":8},"end":{"line":116,"column":46}},"type":"binary-expr","locations":[{"start":{"line":116,"column":8},"end":{"line":116,"column":14}},{"start":{"line":116,"column":18},"end":{"line":116,"column":27}},{"start":{"line":116,"column":31},"end":{"line":116,"column":46}}],"line":116},"9":{"loc":{"start":{"line":124,"column":4},"end":{"line":126,"column":5}},"type":"if","locations":[{"start":{"line":124,"column":4},"end":{"line":126,"column":5}},{"start":{},"end":{}}],"line":124},"10":{"loc":{"start":{"line":140,"column":4},"end":{"line":142,"column":5}},"type":"if","locations":[{"start":{"line":140,"column":4},"end":{"line":142,"column":5}},{"start":{},"end":{}}],"line":140},"11":{"loc":{"start":{"line":144,"column":8},"end":{"line":150,"column":9}},"type":"if","locations":[{"start":{"line":144,"column":8},"end":{"line":150,"column":9}},{"start":{},"end":{}}],"line":144},"12":{"loc":{"start":{"line":151,"column":8},"end":{"line":153,"column":9}},"type":"if","locations":[{"start":{"line":151,"column":8},"end":{"line":153,"column":9}},{"start":{},"end":{}}],"line":151}},"s":{"0":3,"1":3,"2":3,"3":1,"4":4,"5":3,"6":3,"7":3,"8":0,"9":0,"10":0,"11":0,"12":0,"13":0,"14":0,"15":0,"16":0,"17":0,"18":3,"19":0,"20":0,"21":0,"22":3,"23":0,"24":3,"25":2,"26":2,"27":2,"28":2,"29":2,"30":2,"31":0,"32":0,"33":0,"34":0,"35":3,"36":5,"37":5,"38":5,"39":2,"40":3,"41":3,"42":3,"43":1,"44":3,"45":3,"46":6,"47":2,"48":6,"49":10,"50":8,"51":3,"52":7,"53":4,"54":3,"55":3},"f":{"0":3,"1":4,"2":3,"3":0,"4":0,"5":0,"6":0,"7":0,"8":2,"9":5,"10":6,"11":10,"12":8,"13":3},"b":{"0":[1,2],"1":[0,3],"2":[0,0],"3":[0,0],"4":[0,0],"5":[0,0],"6":[2,0],"7":[2,3],"8":[5,4,4],"9":[1,2],"10":[2,4],"11":[3,7],"12":[4,3]},"_coverageSchema":"1a1c01bbd47fc00a2c39e90264f33305004495a9","hash":"93f4172cbb3cb3b901bc398eb609a956f3c6da94"}
}
