{"/Users/jared/khan/graphql-flow/src/enums.ts": {"path":"/Users/jared/khan/graphql-flow/src/enums.ts","statementMap":{"0":{"start":{"line":10,"column":42},"end":{"line":34,"column":1}},"1":{"start":{"line":15,"column":28},"end":{"line":24,"column":5}},"2":{"start":{"line":19,"column":12},"end":{"line":22,"column":13}},"3":{"start":{"line":26,"column":4},"end":{"line":28,"column":5}},"4":{"start":{"line":27,"column":8},"end":{"line":27,"column":68}},"5":{"start":{"line":30,"column":4},"end":{"line":33,"column":6}},"6":{"start":{"line":36,"column":30},"end":{"line":64,"column":1}},"7":{"start":{"line":37,"column":23},"end":{"line":37,"column":51}},"8":{"start":{"line":38,"column":30},"end":{"line":46,"column":19}},"9":{"start":{"line":41,"column":16},"end":{"line":44,"column":25}},"10":{"start":{"line":47,"column":4},"end":{"line":50,"column":5}},"11":{"start":{"line":48,"column":8},"end":{"line":49,"column":66}},"12":{"start":{"line":52,"column":4},"end":{"line":63,"column":12}},"13":{"start":{"line":58,"column":22},"end":{"line":60,"column":23}},"14":{"start":{"line":68,"column":4},"end":{"line":76,"column":1}},"15":{"start":{"line":78,"column":32},"end":{"line":96,"column":1}},"16":{"start":{"line":79,"column":4},"end":{"line":83,"column":5}},"17":{"start":{"line":80,"column":8},"end":{"line":82,"column":10}},"18":{"start":{"line":84,"column":27},"end":{"line":84,"column":44}},"19":{"start":{"line":85,"column":4},"end":{"line":89,"column":5}},"20":{"start":{"line":86,"column":8},"end":{"line":88,"column":10}},"21":{"start":{"line":90,"column":4},"end":{"line":92,"column":6}},"22":{"start":{"line":93,"column":4},"end":{"line":95,"column":6}}},"fnMap":{"0":{"name":"(anonymous_0)","decl":{"start":{"line":10,"column":42},"end":{"line":10,"column":43}},"loc":{"start":{"line":14,"column":13},"end":{"line":34,"column":1}},"line":14},"1":{"name":"(anonymous_1)","decl":{"start":{"line":18,"column":34},"end":{"line":18,"column":35}},"loc":{"start":{"line":19,"column":12},"end":{"line":22,"column":13}},"line":19},"2":{"name":"(anonymous_2)","decl":{"start":{"line":36,"column":30},"end":{"line":36,"column":31}},"loc":{"start":{"line":36,"column":70},"end":{"line":64,"column":1}},"line":36},"3":{"name":"(anonymous_3)","decl":{"start":{"line":40,"column":12},"end":{"line":40,"column":13}},"loc":{"start":{"line":41,"column":16},"end":{"line":44,"column":25}},"line":41},"4":{"name":"(anonymous_4)","decl":{"start":{"line":57,"column":44},"end":{"line":57,"column":45}},"loc":{"start":{"line":58,"column":22},"end":{"line":60,"column":23}},"line":58},"5":{"name":"(anonymous_5)","decl":{"start":{"line":78,"column":32},"end":{"line":78,"column":33}},"loc":{"start":{"line":78,"column":72},"end":{"line":96,"column":1}},"line":78}},"branchMap":{"0":{"loc":{"start":{"line":26,"column":4},"end":{"line":28,"column":5}},"type":"if","locations":[{"start":{"line":26,"column":4},"end":{"line":28,"column":5}},{"start":{},"end":{}}],"line":26},"1":{"loc":{"start":{"line":42,"column":17},"end":{"line":44,"column":24}},"type":"cond-expr","locations":[{"start":{"line":43,"column":22},"end":{"line":43,"column":77}},{"start":{"line":44,"column":22},"end":{"line":44,"column":24}}],"line":42},"2":{"loc":{"start":{"line":47,"column":4},"end":{"line":50,"column":5}},"type":"if","locations":[{"start":{"line":47,"column":4},"end":{"line":50,"column":5}},{"start":{},"end":{}}],"line":47},"3":{"loc":{"start":{"line":52,"column":11},"end":{"line":63,"column":11}},"type":"cond-expr","locations":[{"start":{"line":53,"column":10},"end":{"line":53,"column":74}},{"start":{"line":54,"column":10},"end":{"line":63,"column":11}}],"line":52},"4":{"loc":{"start":{"line":79,"column":4},"end":{"line":83,"column":5}},"type":"if","locations":[{"start":{"line":79,"column":4},"end":{"line":83,"column":5}},{"start":{},"end":{}}],"line":79},"5":{"loc":{"start":{"line":85,"column":4},"end":{"line":89,"column":5}},"type":"if","locations":[{"start":{"line":85,"column":4},"end":{"line":89,"column":5}},{"start":{},"end":{}}],"line":85}},"s":{"0":1,"1":0,"2":0,"3":0,"4":0,"5":0,"6":1,"7":6,"8":6,"9":18,"10":6,"11":0,"12":6,"13":18,"14":1,"15":1,"16":67,"17":61,"18":6,"19":6,"20":6,"21":0,"22":0},"f":{"0":0,"1":0,"2":6,"3":18,"4":18,"5":67},"b":{"0":[0,0],"1":[0,18],"2":[0,6],"3":[0,6],"4":[61,6],"5":[6,0]},"_coverageSchema":"1a1c01bbd47fc00a2c39e90264f33305004495a9","hash":"efefa74985ae8396797e5ada7408f0a81ef50dad"}
,"/Users/jared/khan/graphql-flow/src/generateResponseType.ts": {"path":"/Users/jared/khan/graphql-flow/src/generateResponseType.ts","statementMap":{"0":{"start":{"line":28,"column":36},"end":{"line":43,"column":1}},"1":{"start":{"line":33,"column":16},"end":{"line":40,"column":5}},"2":{"start":{"line":42,"column":4},"end":{"line":42,"column":30}},"3":{"start":{"line":45,"column":35},"end":{"line":70,"column":1}},"4":{"start":{"line":49,"column":16},"end":{"line":61,"column":5}},"5":{"start":{"line":51,"column":12},"end":{"line":58,"column":13}},"6":{"start":{"line":55,"column":30},"end":{"line":55,"column":75}},"7":{"start":{"line":56,"column":30},"end":{"line":56,"column":75}},"8":{"start":{"line":57,"column":16},"end":{"line":57,"column":46}},"9":{"start":{"line":59,"column":12},"end":{"line":59,"column":21}},"10":{"start":{"line":62,"column":17},"end":{"line":62,"column":35}},"11":{"start":{"line":63,"column":27},"end":{"line":63,"column":47}},"12":{"start":{"line":64,"column":4},"end":{"line":69,"column":5}},"13":{"start":{"line":65,"column":8},"end":{"line":65,"column":39}},"14":{"start":{"line":66,"column":8},"end":{"line":66,"column":71}},"15":{"start":{"line":68,"column":8},"end":{"line":68,"column":19}},"16":{"start":{"line":72,"column":36},"end":{"line":107,"column":1}},"17":{"start":{"line":77,"column":19},"end":{"line":77,"column":52}},"18":{"start":{"line":80,"column":4},"end":{"line":104,"column":5}},"19":{"start":{"line":81,"column":8},"end":{"line":89,"column":10}},"20":{"start":{"line":90,"column":11},"end":{"line":104,"column":5}},"21":{"start":{"line":91,"column":8},"end":{"line":95,"column":10}},"22":{"start":{"line":96,"column":11},"end":{"line":104,"column":5}},"23":{"start":{"line":97,"column":8},"end":{"line":101,"column":10}},"24":{"start":{"line":103,"column":8},"end":{"line":103,"column":45}},"25":{"start":{"line":106,"column":4},"end":{"line":106,"column":30}},"26":{"start":{"line":109,"column":20},"end":{"line":178,"column":1}},"27":{"start":{"line":114,"column":4},"end":{"line":116,"column":5}},"28":{"start":{"line":115,"column":8},"end":{"line":115,"column":48}},"29":{"start":{"line":117,"column":4},"end":{"line":126,"column":5}},"30":{"start":{"line":118,"column":8},"end":{"line":125,"column":10}},"31":{"start":{"line":127,"column":4},"end":{"line":138,"column":5}},"32":{"start":{"line":128,"column":22},"end":{"line":128,"column":56}},"33":{"start":{"line":129,"column":8},"end":{"line":132,"column":9}},"34":{"start":{"line":130,"column":12},"end":{"line":130,"column":55}},"35":{"start":{"line":131,"column":12},"end":{"line":131,"column":45}},"36":{"start":{"line":133,"column":8},"end":{"line":137,"column":10}},"37":{"start":{"line":140,"column":4},"end":{"line":150,"column":5}},"38":{"start":{"line":141,"column":8},"end":{"line":144,"column":9}},"39":{"start":{"line":142,"column":12},"end":{"line":142,"column":55}},"40":{"start":{"line":143,"column":12},"end":{"line":143,"column":45}},"41":{"start":{"line":145,"column":8},"end":{"line":149,"column":10}},"42":{"start":{"line":151,"column":4},"end":{"line":153,"column":5}},"43":{"start":{"line":152,"column":8},"end":{"line":152,"column":46}},"44":{"start":{"line":154,"column":4},"end":{"line":157,"column":5}},"45":{"start":{"line":155,"column":8},"end":{"line":155,"column":40}},"46":{"start":{"line":156,"column":8},"end":{"line":156,"column":41}},"47":{"start":{"line":159,"column":18},"end":{"line":159,"column":27}},"48":{"start":{"line":160,"column":4},"end":{"line":163,"column":5}},"49":{"start":{"line":161,"column":8},"end":{"line":161,"column":54}},"50":{"start":{"line":162,"column":8},"end":{"line":162,"column":41}},"51":{"start":{"line":164,"column":22},"end":{"line":164,"column":51}},"52":{"start":{"line":165,"column":4},"end":{"line":168,"column":5}},"53":{"start":{"line":166,"column":8},"end":{"line":166,"column":51}},"54":{"start":{"line":167,"column":8},"end":{"line":167,"column":41}},"55":{"start":{"line":169,"column":4},"end":{"line":177,"column":6}},"56":{"start":{"line":180,"column":26},"end":{"line":196,"column":1}},"57":{"start":{"line":186,"column":4},"end":{"line":188,"column":5}},"58":{"start":{"line":187,"column":8},"end":{"line":187,"column":56}},"59":{"start":{"line":190,"column":4},"end":{"line":192,"column":5}},"60":{"start":{"line":191,"column":8},"end":{"line":191,"column":49}},"61":{"start":{"line":193,"column":18},"end":{"line":193,"column":51}},"62":{"start":{"line":194,"column":19},"end":{"line":194,"column":38}},"63":{"start":{"line":195,"column":4},"end":{"line":195,"column":50}},"64":{"start":{"line":198,"column":38},"end":{"line":229,"column":1}},"65":{"start":{"line":201,"column":39},"end":{"line":201,"column":44}},"66":{"start":{"line":202,"column":4},"end":{"line":228,"column":7}},"67":{"start":{"line":206,"column":8},"end":{"line":226,"column":9}},"68":{"start":{"line":212,"column":16},"end":{"line":216,"column":31}},"69":{"start":{"line":217,"column":12},"end":{"line":224,"column":13}},"70":{"start":{"line":218,"column":16},"end":{"line":222,"column":17}},"71":{"start":{"line":219,"column":20},"end":{"line":221,"column":22}},"72":{"start":{"line":223,"column":16},"end":{"line":223,"column":29}},"73":{"start":{"line":225,"column":12},"end":{"line":225,"column":32}},"74":{"start":{"line":227,"column":8},"end":{"line":227,"column":20}},"75":{"start":{"line":231,"column":35},"end":{"line":243,"column":1}},"76":{"start":{"line":237,"column":4},"end":{"line":242,"column":6}},"77":{"start":{"line":245,"column":38},"end":{"line":358,"column":1}},"78":{"start":{"line":255,"column":4},"end":{"line":357,"column":7}},"79":{"start":{"line":256,"column":8},"end":{"line":356,"column":9}},"80":{"start":{"line":259,"column":20},"end":{"line":259,"column":67}},"81":{"start":{"line":260,"column":16},"end":{"line":262,"column":17}},"82":{"start":{"line":261,"column":20},"end":{"line":261,"column":30}},"83":{"start":{"line":263,"column":16},"end":{"line":268,"column":18}},"84":{"start":{"line":271,"column":16},"end":{"line":285,"column":17}},"85":{"start":{"line":272,"column":20},"end":{"line":274,"column":22}},"86":{"start":{"line":275,"column":20},"end":{"line":284,"column":22}},"87":{"start":{"line":287,"column":16},"end":{"line":292,"column":18}},"88":{"start":{"line":295,"column":29},"end":{"line":295,"column":49}},"89":{"start":{"line":296,"column":38},"end":{"line":298,"column":26}},"90":{"start":{"line":299,"column":16},"end":{"line":310,"column":17}},"91":{"start":{"line":300,"column":20},"end":{"line":309,"column":22}},"92":{"start":{"line":311,"column":16},"end":{"line":327,"column":17}},"93":{"start":{"line":312,"column":20},"end":{"line":314,"column":22}},"94":{"start":{"line":315,"column":20},"end":{"line":326,"column":22}},"95":{"start":{"line":328,"column":34},"end":{"line":328,"column":57}},"96":{"start":{"line":330,"column":16},"end":{"line":349,"column":18}},"97":{"start":{"line":352,"column":16},"end":{"line":354,"column":18}},"98":{"start":{"line":355,"column":16},"end":{"line":355,"column":26}},"99":{"start":{"line":360,"column":38},"end":{"line":481,"column":1}},"100":{"start":{"line":371,"column":22},"end":{"line":373,"column":5}},"101":{"start":{"line":372,"column":23},"end":{"line":372,"column":49}},"102":{"start":{"line":377,"column":9},"end":{"line":402,"column":10}},"103":{"start":{"line":380,"column":12},"end":{"line":380,"column":44}},"104":{"start":{"line":383,"column":51},"end":{"line":386,"column":13}},"105":{"start":{"line":387,"column":12},"end":{"line":401,"column":14}},"106":{"start":{"line":392,"column":28},"end":{"line":397,"column":29}},"107":{"start":{"line":404,"column":4},"end":{"line":430,"column":5}},"108":{"start":{"line":405,"column":33},"end":{"line":405,"column":73}},"109":{"start":{"line":406,"column":30},"end":{"line":411,"column":9}},"110":{"start":{"line":408,"column":16},"end":{"line":410,"column":43}},"111":{"start":{"line":412,"column":8},"end":{"line":428,"column":9}},"112":{"start":{"line":413,"column":12},"end":{"line":427,"column":14}},"113":{"start":{"line":419,"column":32},"end":{"line":423,"column":64}},"114":{"start":{"line":429,"column":8},"end":{"line":429,"column":65}},"115":{"start":{"line":431,"column":4},"end":{"line":436,"column":5}},"116":{"start":{"line":432,"column":8},"end":{"line":435,"column":10}},"117":{"start":{"line":467,"column":19},"end":{"line":474,"column":5}},"118":{"start":{"line":469,"column":12},"end":{"line":472,"column":13}},"119":{"start":{"line":475,"column":17},"end":{"line":475,"column":35}},"120":{"start":{"line":476,"column":4},"end":{"line":479,"column":5}},"121":{"start":{"line":477,"column":8},"end":{"line":477,"column":42}},"122":{"start":{"line":478,"column":8},"end":{"line":478,"column":71}},"123":{"start":{"line":480,"column":4},"end":{"line":480,"column":18}},"124":{"start":{"line":482,"column":34},"end":{"line":597,"column":1}},"125":{"start":{"line":488,"column":4},"end":{"line":502,"column":5}},"126":{"start":{"line":489,"column":22},"end":{"line":491,"column":34}},"127":{"start":{"line":492,"column":8},"end":{"line":501,"column":10}},"128":{"start":{"line":503,"column":4},"end":{"line":542,"column":5}},"129":{"start":{"line":505,"column":21},"end":{"line":505,"column":41}},"130":{"start":{"line":506,"column":22},"end":{"line":506,"column":68}},"131":{"start":{"line":507,"column":8},"end":{"line":526,"column":9}},"132":{"start":{"line":508,"column":12},"end":{"line":515,"column":14}},"133":{"start":{"line":516,"column":12},"end":{"line":525,"column":14}},"134":{"start":{"line":527,"column":26},"end":{"line":527,"column":49}},"135":{"start":{"line":528,"column":8},"end":{"line":541,"column":10}},"136":{"start":{"line":543,"column":4},"end":{"line":568,"column":5}},"137":{"start":{"line":544,"column":25},"end":{"line":544,"column":63}},"138":{"start":{"line":545,"column":8},"end":{"line":547,"column":9}},"139":{"start":{"line":546,"column":12},"end":{"line":546,"column":72}},"140":{"start":{"line":548,"column":25},"end":{"line":548,"column":58}},"141":{"start":{"line":549,"column":8},"end":{"line":567,"column":9}},"142":{"start":{"line":556,"column":12},"end":{"line":564,"column":14}},"143":{"start":{"line":558,"column":20},"end":{"line":563,"column":21}},"144":{"start":{"line":566,"column":12},"end":{"line":566,"column":22}},"145":{"start":{"line":569,"column":4},"end":{"line":580,"column":5}},"146":{"start":{"line":570,"column":8},"end":{"line":572,"column":10}},"147":{"start":{"line":573,"column":8},"end":{"line":578,"column":9}},"148":{"start":{"line":574,"column":12},"end":{"line":577,"column":53}},"149":{"start":{"line":579,"column":8},"end":{"line":579,"column":18}},"150":{"start":{"line":581,"column":4},"end":{"line":590,"column":5}},"151":{"start":{"line":582,"column":25},"end":{"line":582,"column":59}},"152":{"start":{"line":584,"column":12},"end":{"line":586,"column":13}},"153":{"start":{"line":587,"column":8},"end":{"line":589,"column":9}},"154":{"start":{"line":588,"column":12},"end":{"line":588,"column":22}},"155":{"start":{"line":591,"column":4},"end":{"line":596,"column":6}}},"fnMap":{"0":{"name":"(anonymous_0)","decl":{"start":{"line":28,"column":36},"end":{"line":28,"column":37}},"loc":{"start":{"line":32,"column":13},"end":{"line":43,"column":1}},"line":32},"1":{"name":"(anonymous_1)","decl":{"start":{"line":45,"column":35},"end":{"line":45,"column":36}},"loc":{"start":{"line":48,"column":24},"end":{"line":70,"column":1}},"line":48},"2":{"name":"(anonymous_2)","decl":{"start":{"line":50,"column":24},"end":{"line":50,"column":25}},"loc":{"start":{"line":50,"column":34},"end":{"line":60,"column":9}},"line":50},"3":{"name":"(anonymous_3)","decl":{"start":{"line":72,"column":36},"end":{"line":72,"column":37}},"loc":{"start":{"line":76,"column":13},"end":{"line":107,"column":1}},"line":76},"4":{"name":"(anonymous_4)","decl":{"start":{"line":109,"column":20},"end":{"line":109,"column":21}},"loc":{"start":{"line":113,"column":24},"end":{"line":178,"column":1}},"line":113},"5":{"name":"(anonymous_5)","decl":{"start":{"line":180,"column":26},"end":{"line":180,"column":27}},"loc":{"start":{"line":184,"column":24},"end":{"line":196,"column":1}},"line":184},"6":{"name":"(anonymous_6)","decl":{"start":{"line":198,"column":38},"end":{"line":198,"column":39}},"loc":{"start":{"line":200,"column":5},"end":{"line":229,"column":1}},"line":200},"7":{"name":"(anonymous_7)","decl":{"start":{"line":202,"column":29},"end":{"line":202,"column":30}},"loc":{"start":{"line":202,"column":39},"end":{"line":228,"column":5}},"line":202},"8":{"name":"(anonymous_8)","decl":{"start":{"line":231,"column":35},"end":{"line":231,"column":36}},"loc":{"start":{"line":236,"column":24},"end":{"line":243,"column":1}},"line":236},"9":{"name":"(anonymous_9)","decl":{"start":{"line":245,"column":38},"end":{"line":245,"column":39}},"loc":{"start":{"line":254,"column":44},"end":{"line":358,"column":1}},"line":254},"10":{"name":"(anonymous_10)","decl":{"start":{"line":255,"column":30},"end":{"line":255,"column":31}},"loc":{"start":{"line":255,"column":45},"end":{"line":357,"column":5}},"line":255},"11":{"name":"(anonymous_11)","decl":{"start":{"line":360,"column":38},"end":{"line":360,"column":39}},"loc":{"start":{"line":370,"column":13},"end":{"line":481,"column":1}},"line":370},"12":{"name":"(anonymous_12)","decl":{"start":{"line":372,"column":8},"end":{"line":372,"column":9}},"loc":{"start":{"line":372,"column":23},"end":{"line":372,"column":49}},"line":372},"13":{"name":"(anonymous_13)","decl":{"start":{"line":379,"column":14},"end":{"line":379,"column":15}},"loc":{"start":{"line":379,"column":24},"end":{"line":381,"column":9}},"line":379},"14":{"name":"(anonymous_14)","decl":{"start":{"line":382,"column":13},"end":{"line":382,"column":14}},"loc":{"start":{"line":382,"column":27},"end":{"line":402,"column":9}},"line":382},"15":{"name":"(anonymous_15)","decl":{"start":{"line":391,"column":29},"end":{"line":391,"column":30}},"loc":{"start":{"line":392,"column":28},"end":{"line":397,"column":29}},"line":392},"16":{"name":"(anonymous_16)","decl":{"start":{"line":407,"column":12},"end":{"line":407,"column":13}},"loc":{"start":{"line":408,"column":16},"end":{"line":410,"column":43}},"line":408},"17":{"name":"(anonymous_17)","decl":{"start":{"line":418,"column":28},"end":{"line":418,"column":29}},"loc":{"start":{"line":419,"column":32},"end":{"line":423,"column":64}},"line":419},"18":{"name":"(anonymous_18)","decl":{"start":{"line":468,"column":31},"end":{"line":468,"column":32}},"loc":{"start":{"line":469,"column":12},"end":{"line":472,"column":13}},"line":469},"19":{"name":"(anonymous_19)","decl":{"start":{"line":482,"column":34},"end":{"line":482,"column":35}},"loc":{"start":{"line":487,"column":44},"end":{"line":597,"column":1}},"line":487},"20":{"name":"(anonymous_20)","decl":{"start":{"line":557,"column":16},"end":{"line":557,"column":17}},"loc":{"start":{"line":558,"column":20},"end":{"line":563,"column":21}},"line":558}},"branchMap":{"0":{"loc":{"start":{"line":36,"column":8},"end":{"line":38,"column":38}},"type":"cond-expr","locations":[{"start":{"line":37,"column":14},"end":{"line":37,"column":41}},{"start":{"line":38,"column":14},"end":{"line":38,"column":38}}],"line":36},"1":{"loc":{"start":{"line":39,"column":8},"end":{"line":39,"column":61}},"type":"cond-expr","locations":[{"start":{"line":39,"column":41},"end":{"line":39,"column":51}},{"start":{"line":39,"column":54},"end":{"line":39,"column":61}}],"line":39},"2":{"loc":{"start":{"line":51,"column":12},"end":{"line":58,"column":13}},"type":"if","locations":[{"start":{"line":51,"column":12},"end":{"line":58,"column":13}},{"start":{},"end":{}}],"line":51},"3":{"loc":{"start":{"line":52,"column":16},"end":{"line":53,"column":48}},"type":"binary-expr","locations":[{"start":{"line":52,"column":16},"end":{"line":52,"column":48}},{"start":{"line":53,"column":16},"end":{"line":53,"column":48}}],"line":52},"4":{"loc":{"start":{"line":55,"column":30},"end":{"line":55,"column":75}},"type":"cond-expr","locations":[{"start":{"line":55,"column":60},"end":{"line":55,"column":70}},{"start":{"line":55,"column":73},"end":{"line":55,"column":75}}],"line":55},"5":{"loc":{"start":{"line":56,"column":30},"end":{"line":56,"column":75}},"type":"cond-expr","locations":[{"start":{"line":56,"column":60},"end":{"line":56,"column":70}},{"start":{"line":56,"column":73},"end":{"line":56,"column":75}}],"line":56},"6":{"loc":{"start":{"line":57,"column":23},"end":{"line":57,"column":45}},"type":"cond-expr","locations":[{"start":{"line":57,"column":39},"end":{"line":57,"column":41}},{"start":{"line":57,"column":44},"end":{"line":57,"column":45}}],"line":57},"7":{"loc":{"start":{"line":64,"column":4},"end":{"line":69,"column":5}},"type":"if","locations":[{"start":{"line":64,"column":4},"end":{"line":69,"column":5}},{"start":{"line":67,"column":11},"end":{"line":69,"column":5}}],"line":64},"8":{"loc":{"start":{"line":64,"column":8},"end":{"line":64,"column":53}},"type":"binary-expr","locations":[{"start":{"line":64,"column":8},"end":{"line":64,"column":34}},{"start":{"line":64,"column":38},"end":{"line":64,"column":53}}],"line":64},"9":{"loc":{"start":{"line":80,"column":4},"end":{"line":104,"column":5}},"type":"if","locations":[{"start":{"line":80,"column":4},"end":{"line":104,"column":5}},{"start":{"line":90,"column":11},"end":{"line":104,"column":5}}],"line":80},"10":{"loc":{"start":{"line":90,"column":11},"end":{"line":104,"column":5}},"type":"if","locations":[{"start":{"line":90,"column":11},"end":{"line":104,"column":5}},{"start":{"line":96,"column":11},"end":{"line":104,"column":5}}],"line":90},"11":{"loc":{"start":{"line":96,"column":11},"end":{"line":104,"column":5}},"type":"if","locations":[{"start":{"line":96,"column":11},"end":{"line":104,"column":5}},{"start":{"line":102,"column":11},"end":{"line":104,"column":5}}],"line":96},"12":{"loc":{"start":{"line":114,"column":4},"end":{"line":116,"column":5}},"type":"if","locations":[{"start":{"line":114,"column":4},"end":{"line":116,"column":5}},{"start":{},"end":{}}],"line":114},"13":{"loc":{"start":{"line":117,"column":4},"end":{"line":126,"column":5}},"type":"if","locations":[{"start":{"line":117,"column":4},"end":{"line":126,"column":5}},{"start":{},"end":{}}],"line":117},"14":{"loc":{"start":{"line":119,"column":12},"end":{"line":121,"column":48}},"type":"cond-expr","locations":[{"start":{"line":120,"column":18},"end":{"line":120,"column":56}},{"start":{"line":121,"column":18},"end":{"line":121,"column":48}}],"line":119},"15":{"loc":{"start":{"line":127,"column":4},"end":{"line":138,"column":5}},"type":"if","locations":[{"start":{"line":127,"column":4},"end":{"line":138,"column":5}},{"start":{},"end":{}}],"line":127},"16":{"loc":{"start":{"line":129,"column":8},"end":{"line":132,"column":9}},"type":"if","locations":[{"start":{"line":129,"column":8},"end":{"line":132,"column":9}},{"start":{},"end":{}}],"line":129},"17":{"loc":{"start":{"line":140,"column":4},"end":{"line":150,"column":5}},"type":"if","locations":[{"start":{"line":140,"column":4},"end":{"line":150,"column":5}},{"start":{},"end":{}}],"line":140},"18":{"loc":{"start":{"line":141,"column":8},"end":{"line":144,"column":9}},"type":"if","locations":[{"start":{"line":141,"column":8},"end":{"line":144,"column":9}},{"start":{},"end":{}}],"line":141},"19":{"loc":{"start":{"line":151,"column":4},"end":{"line":153,"column":5}},"type":"if","locations":[{"start":{"line":151,"column":4},"end":{"line":153,"column":5}},{"start":{},"end":{}}],"line":151},"20":{"loc":{"start":{"line":154,"column":4},"end":{"line":157,"column":5}},"type":"if","locations":[{"start":{"line":154,"column":4},"end":{"line":157,"column":5}},{"start":{},"end":{}}],"line":154},"21":{"loc":{"start":{"line":160,"column":4},"end":{"line":163,"column":5}},"type":"if","locations":[{"start":{"line":160,"column":4},"end":{"line":163,"column":5}},{"start":{},"end":{}}],"line":160},"22":{"loc":{"start":{"line":165,"column":4},"end":{"line":168,"column":5}},"type":"if","locations":[{"start":{"line":165,"column":4},"end":{"line":168,"column":5}},{"start":{},"end":{}}],"line":165},"23":{"loc":{"start":{"line":186,"column":4},"end":{"line":188,"column":5}},"type":"if","locations":[{"start":{"line":186,"column":4},"end":{"line":188,"column":5}},{"start":{},"end":{}}],"line":186},"24":{"loc":{"start":{"line":190,"column":4},"end":{"line":192,"column":5}},"type":"if","locations":[{"start":{"line":190,"column":4},"end":{"line":192,"column":5}},{"start":{},"end":{}}],"line":190},"25":{"loc":{"start":{"line":206,"column":8},"end":{"line":226,"column":9}},"type":"if","locations":[{"start":{"line":206,"column":8},"end":{"line":226,"column":9}},{"start":{},"end":{}}],"line":206},"26":{"loc":{"start":{"line":207,"column":12},"end":{"line":209,"column":42}},"type":"binary-expr","locations":[{"start":{"line":207,"column":12},"end":{"line":207,"column":47}},{"start":{"line":208,"column":12},"end":{"line":208,"column":42}},{"start":{"line":209,"column":12},"end":{"line":209,"column":42}}],"line":207},"27":{"loc":{"start":{"line":212,"column":16},"end":{"line":216,"column":31}},"type":"cond-expr","locations":[{"start":{"line":215,"column":22},"end":{"line":215,"column":70}},{"start":{"line":216,"column":22},"end":{"line":216,"column":31}}],"line":212},"28":{"loc":{"start":{"line":212,"column":16},"end":{"line":214,"column":35}},"type":"binary-expr","locations":[{"start":{"line":212,"column":16},"end":{"line":212,"column":76}},{"start":{"line":213,"column":16},"end":{"line":214,"column":35}}],"line":212},"29":{"loc":{"start":{"line":217,"column":12},"end":{"line":224,"column":13}},"type":"if","locations":[{"start":{"line":217,"column":12},"end":{"line":224,"column":13}},{"start":{},"end":{}}],"line":217},"30":{"loc":{"start":{"line":218,"column":16},"end":{"line":222,"column":17}},"type":"if","locations":[{"start":{"line":218,"column":16},"end":{"line":222,"column":17}},{"start":{},"end":{}}],"line":218},"31":{"loc":{"start":{"line":256,"column":8},"end":{"line":356,"column":9}},"type":"switch","locations":[{"start":{"line":257,"column":12},"end":{"line":269,"column":13}},{"start":{"line":270,"column":12},"end":{"line":292,"column":18}},{"start":{"line":294,"column":12},"end":{"line":349,"column":18}},{"start":{"line":351,"column":12},"end":{"line":355,"column":26}}],"line":256},"32":{"loc":{"start":{"line":259,"column":20},"end":{"line":259,"column":67}},"type":"binary-expr","locations":[{"start":{"line":259,"column":20},"end":{"line":259,"column":55}},{"start":{"line":259,"column":59},"end":{"line":259,"column":67}}],"line":259},"33":{"loc":{"start":{"line":260,"column":16},"end":{"line":262,"column":17}},"type":"if","locations":[{"start":{"line":260,"column":16},"end":{"line":262,"column":17}},{"start":{},"end":{}}],"line":260},"34":{"loc":{"start":{"line":271,"column":16},"end":{"line":285,"column":17}},"type":"if","locations":[{"start":{"line":271,"column":16},"end":{"line":285,"column":17}},{"start":{},"end":{}}],"line":271},"35":{"loc":{"start":{"line":296,"column":38},"end":{"line":298,"column":26}},"type":"cond-expr","locations":[{"start":{"line":297,"column":22},"end":{"line":297,"column":43}},{"start":{"line":298,"column":22},"end":{"line":298,"column":26}}],"line":296},"36":{"loc":{"start":{"line":299,"column":16},"end":{"line":310,"column":17}},"type":"if","locations":[{"start":{"line":299,"column":16},"end":{"line":310,"column":17}},{"start":{},"end":{}}],"line":299},"37":{"loc":{"start":{"line":311,"column":16},"end":{"line":327,"column":17}},"type":"if","locations":[{"start":{"line":311,"column":16},"end":{"line":327,"column":17}},{"start":{},"end":{}}],"line":311},"38":{"loc":{"start":{"line":380,"column":19},"end":{"line":380,"column":43}},"type":"cond-expr","locations":[{"start":{"line":380,"column":37},"end":{"line":380,"column":39}},{"start":{"line":380,"column":42},"end":{"line":380,"column":43}}],"line":380},"39":{"loc":{"start":{"line":385,"column":22},"end":{"line":385,"column":77}},"type":"cond-expr","locations":[{"start":{"line":385,"column":34},"end":{"line":385,"column":42}},{"start":{"line":385,"column":45},"end":{"line":385,"column":77}}],"line":385},"40":{"loc":{"start":{"line":404,"column":4},"end":{"line":430,"column":5}},"type":"if","locations":[{"start":{"line":404,"column":4},"end":{"line":430,"column":5}},{"start":{},"end":{}}],"line":404},"41":{"loc":{"start":{"line":408,"column":16},"end":{"line":410,"column":43}},"type":"binary-expr","locations":[{"start":{"line":408,"column":16},"end":{"line":408,"column":48}},{"start":{"line":409,"column":16},"end":{"line":409,"column":43}},{"start":{"line":410,"column":16},"end":{"line":410,"column":43}}],"line":408},"42":{"loc":{"start":{"line":412,"column":8},"end":{"line":428,"column":9}},"type":"if","locations":[{"start":{"line":412,"column":8},"end":{"line":428,"column":9}},{"start":{},"end":{}}],"line":412},"43":{"loc":{"start":{"line":431,"column":4},"end":{"line":436,"column":5}},"type":"if","locations":[{"start":{"line":431,"column":4},"end":{"line":436,"column":5}},{"start":{},"end":{}}],"line":431},"44":{"loc":{"start":{"line":476,"column":4},"end":{"line":479,"column":5}},"type":"if","locations":[{"start":{"line":476,"column":4},"end":{"line":479,"column":5}},{"start":{},"end":{}}],"line":476},"45":{"loc":{"start":{"line":476,"column":8},"end":{"line":476,"column":49}},"type":"binary-expr","locations":[{"start":{"line":476,"column":8},"end":{"line":476,"column":26}},{"start":{"line":476,"column":30},"end":{"line":476,"column":49}}],"line":476},"46":{"loc":{"start":{"line":488,"column":4},"end":{"line":502,"column":5}},"type":"if","locations":[{"start":{"line":488,"column":4},"end":{"line":502,"column":5}},{"start":{},"end":{}}],"line":488},"47":{"loc":{"start":{"line":488,"column":8},"end":{"line":488,"column":75}},"type":"binary-expr","locations":[{"start":{"line":488,"column":8},"end":{"line":488,"column":34}},{"start":{"line":488,"column":38},"end":{"line":488,"column":75}}],"line":488},"48":{"loc":{"start":{"line":489,"column":22},"end":{"line":491,"column":34}},"type":"cond-expr","locations":[{"start":{"line":490,"column":14},"end":{"line":490,"column":35}},{"start":{"line":491,"column":14},"end":{"line":491,"column":34}}],"line":489},"49":{"loc":{"start":{"line":503,"column":4},"end":{"line":542,"column":5}},"type":"if","locations":[{"start":{"line":503,"column":4},"end":{"line":542,"column":5}},{"start":{},"end":{}}],"line":503},"50":{"loc":{"start":{"line":503,"column":8},"end":{"line":503,"column":59}},"type":"binary-expr","locations":[{"start":{"line":503,"column":8},"end":{"line":503,"column":34}},{"start":{"line":503,"column":38},"end":{"line":503,"column":59}}],"line":503},"51":{"loc":{"start":{"line":506,"column":22},"end":{"line":506,"column":68}},"type":"cond-expr","locations":[{"start":{"line":506,"column":40},"end":{"line":506,"column":61}},{"start":{"line":506,"column":64},"end":{"line":506,"column":68}}],"line":506},"52":{"loc":{"start":{"line":507,"column":8},"end":{"line":526,"column":9}},"type":"if","locations":[{"start":{"line":507,"column":8},"end":{"line":526,"column":9}},{"start":{},"end":{}}],"line":507},"53":{"loc":{"start":{"line":543,"column":4},"end":{"line":568,"column":5}},"type":"if","locations":[{"start":{"line":543,"column":4},"end":{"line":568,"column":5}},{"start":{},"end":{}}],"line":543},"54":{"loc":{"start":{"line":545,"column":8},"end":{"line":547,"column":9}},"type":"if","locations":[{"start":{"line":545,"column":8},"end":{"line":547,"column":9}},{"start":{},"end":{}}],"line":545},"55":{"loc":{"start":{"line":549,"column":8},"end":{"line":567,"column":9}},"type":"if","locations":[{"start":{"line":549,"column":8},"end":{"line":567,"column":9}},{"start":{"line":565,"column":15},"end":{"line":567,"column":9}}],"line":549},"56":{"loc":{"start":{"line":550,"column":12},"end":{"line":554,"column":38}},"type":"binary-expr","locations":[{"start":{"line":550,"column":13},"end":{"line":550,"column":53}},{"start":{"line":551,"column":16},"end":{"line":553,"column":17}},{"start":{"line":554,"column":12},"end":{"line":554,"column":38}}],"line":550},"57":{"loc":{"start":{"line":569,"column":4},"end":{"line":580,"column":5}},"type":"if","locations":[{"start":{"line":569,"column":4},"end":{"line":580,"column":5}},{"start":{},"end":{}}],"line":569},"58":{"loc":{"start":{"line":573,"column":8},"end":{"line":578,"column":9}},"type":"if","locations":[{"start":{"line":573,"column":8},"end":{"line":578,"column":9}},{"start":{},"end":{}}],"line":573},"59":{"loc":{"start":{"line":581,"column":4},"end":{"line":590,"column":5}},"type":"if","locations":[{"start":{"line":581,"column":4},"end":{"line":590,"column":5}},{"start":{},"end":{}}],"line":581},"60":{"loc":{"start":{"line":587,"column":8},"end":{"line":589,"column":9}},"type":"if","locations":[{"start":{"line":587,"column":8},"end":{"line":589,"column":9}},{"start":{},"end":{}}],"line":587},"61":{"loc":{"start":{"line":587,"column":12},"end":{"line":587,"column":56}},"type":"binary-expr","locations":[{"start":{"line":587,"column":12},"end":{"line":587,"column":38}},{"start":{"line":587,"column":42},"end":{"line":587,"column":56}}],"line":587}},"s":{"0":1,"1":16,"2":16,"3":1,"4":52,"5":77,"6":77,"7":77,"8":77,"9":0,"10":52,"11":52,"12":52,"13":3,"14":3,"15":49,"16":1,"17":3,"18":3,"19":0,"20":3,"21":3,"22":0,"23":0,"24":0,"25":3,"26":1,"27":103,"28":61,"29":42,"30":13,"31":29,"32":1,"33":1,"34":0,"35":0,"36":1,"37":28,"38":13,"39":0,"40":0,"41":13,"42":15,"43":4,"44":11,"45":0,"46":0,"47":11,"48":11,"49":0,"50":0,"51":11,"52":11,"53":0,"54":0,"55":11,"56":1,"57":103,"58":27,"59":76,"60":0,"61":76,"62":76,"63":76,"64":1,"65":62,"66":62,"67":108,"68":16,"69":16,"70":0,"71":0,"72":0,"73":16,"74":108,"75":1,"76":27,"77":1,"78":40,"79":59,"80":3,"81":3,"82":1,"83":2,"84":2,"85":1,"86":1,"87":1,"88":54,"89":54,"90":54,"91":1,"92":53,"93":1,"94":1,"95":52,"96":52,"97":0,"98":0,"99":1,"100":17,"101":27,"102":17,"103":18,"104":35,"105":35,"106":63,"107":17,"108":10,"109":10,"110":10,"111":10,"112":1,"113":2,"114":10,"115":7,"116":0,"117":7,"118":15,"119":7,"120":7,"121":1,"122":1,"123":6,"124":1,"125":77,"126":15,"127":15,"128":62,"129":38,"130":38,"131":38,"132":0,"133":0,"134":38,"135":38,"136":24,"137":4,"138":4,"139":0,"140":4,"141":4,"142":4,"143":14,"144":0,"145":20,"146":0,"147":0,"148":0,"149":0,"150":20,"151":18,"152":18,"153":18,"154":10,"155":10},"f":{"0":16,"1":52,"2":77,"3":3,"4":103,"5":103,"6":62,"7":108,"8":27,"9":40,"10":59,"11":17,"12":27,"13":18,"14":35,"15":63,"16":10,"17":2,"18":15,"19":77,"20":14},"b":{"0":[1,15],"1":[1,15],"2":[77,0],"3":[77,77],"4":[77,0],"5":[77,0],"6":[44,33],"7":[3,49],"8":[52,4],"9":[0,3],"10":[3,0],"11":[0,0],"12":[61,42],"13":[13,29],"14":[11,2],"15":[1,28],"16":[0,1],"17":[13,15],"18":[0,13],"19":[4,11],"20":[0,11],"21":[0,11],"22":[0,11],"23":[27,76],"24":[0,76],"25":[16,92],"26":[108,108,108],"27":[16,0],"28":[16,16],"29":[0,16],"30":[0,0],"31":[3,2,54,0],"32":[3,1],"33":[1,2],"34":[1,1],"35":[1,53],"36":[1,53],"37":[1,52],"38":[18,0],"39":[20,15],"40":[10,7],"41":[10,10,10],"42":[1,9],"43":[0,7],"44":[1,6],"45":[7,1],"46":[15,62],"47":[77,53],"48":[0,15],"49":[38,24],"50":[62,38],"51":[0,38],"52":[0,38],"53":[4,20],"54":[0,4],"55":[4,0],"56":[4,4,0],"57":[0,20],"58":[0,0],"59":[18,2],"60":[10,8],"61":[18,10]},"_coverageSchema":"1a1c01bbd47fc00a2c39e90264f33305004495a9","hash":"0fc40ed3bc49d4651cea543e21cc997666c6c6e2"}
,"/Users/jared/khan/graphql-flow/src/generateVariablesType.ts": {"path":"/Users/jared/khan/graphql-flow/src/generateVariablesType.ts","statementMap":{"0":{"start":{"line":14,"column":33},"end":{"line":42,"column":1}},"1":{"start":{"line":18,"column":24},"end":{"line":18,"column":59}},"2":{"start":{"line":19,"column":4},"end":{"line":24,"column":5}},"3":{"start":{"line":20,"column":8},"end":{"line":20,"column":56}},"4":{"start":{"line":21,"column":8},"end":{"line":23,"column":10}},"5":{"start":{"line":26,"column":4},"end":{"line":26,"column":41}},"6":{"start":{"line":28,"column":4},"end":{"line":41,"column":6}},"7":{"start":{"line":32,"column":16},"end":{"line":38,"column":17}},"8":{"start":{"line":44,"column":47},"end":{"line":58,"column":1}},"9":{"start":{"line":48,"column":17},"end":{"line":53,"column":5}},"10":{"start":{"line":54,"column":4},"end":{"line":56,"column":5}},"11":{"start":{"line":55,"column":8},"end":{"line":55,"column":29}},"12":{"start":{"line":57,"column":4},"end":{"line":57,"column":16}},"13":{"start":{"line":60,"column":30},"end":{"line":71,"column":1}},"14":{"start":{"line":65,"column":4},"end":{"line":68,"column":5}},"15":{"start":{"line":66,"column":23},"end":{"line":66,"column":60}},"16":{"start":{"line":67,"column":8},"end":{"line":67,"column":63}},"17":{"start":{"line":69,"column":19},"end":{"line":69,"column":49}},"18":{"start":{"line":70,"column":4},"end":{"line":70,"column":65}},"19":{"start":{"line":73,"column":24},"end":{"line":97,"column":1}},"20":{"start":{"line":77,"column":4},"end":{"line":79,"column":5}},"21":{"start":{"line":78,"column":8},"end":{"line":78,"column":52}},"22":{"start":{"line":80,"column":4},"end":{"line":82,"column":5}},"23":{"start":{"line":81,"column":8},"end":{"line":81,"column":50}},"24":{"start":{"line":83,"column":4},"end":{"line":85,"column":5}},"25":{"start":{"line":84,"column":8},"end":{"line":84,"column":53}},"26":{"start":{"line":86,"column":4},"end":{"line":93,"column":5}},"27":{"start":{"line":87,"column":8},"end":{"line":92,"column":10}},"28":{"start":{"line":94,"column":4},"end":{"line":96,"column":6}},"29":{"start":{"line":99,"column":23},"end":{"line":105,"column":1}},"30":{"start":{"line":100,"column":4},"end":{"line":102,"column":5}},"31":{"start":{"line":101,"column":8},"end":{"line":101,"column":47}},"32":{"start":{"line":103,"column":19},"end":{"line":103,"column":45}},"33":{"start":{"line":104,"column":4},"end":{"line":104,"column":65}},"34":{"start":{"line":107,"column":24},"end":{"line":134,"column":1}},"35":{"start":{"line":108,"column":4},"end":{"line":122,"column":5}},"36":{"start":{"line":109,"column":8},"end":{"line":111,"column":9}},"37":{"start":{"line":110,"column":12},"end":{"line":110,"column":58}},"38":{"start":{"line":112,"column":8},"end":{"line":114,"column":9}},"39":{"start":{"line":113,"column":12},"end":{"line":113,"column":56}},"40":{"start":{"line":115,"column":33},"end":{"line":115,"column":61}},"41":{"start":{"line":116,"column":8},"end":{"line":120,"column":9}},"42":{"start":{"line":117,"column":12},"end":{"line":119,"column":14}},"43":{"start":{"line":121,"column":8},"end":{"line":121,"column":55}},"44":{"start":{"line":123,"column":4},"end":{"line":130,"column":5}},"45":{"start":{"line":124,"column":8},"end":{"line":129,"column":10}},"46":{"start":{"line":131,"column":4},"end":{"line":133,"column":6}},"47":{"start":{"line":136,"column":37},"end":{"line":150,"column":1}},"48":{"start":{"line":141,"column":27},"end":{"line":148,"column":5}},"49":{"start":{"line":143,"column":12},"end":{"line":146,"column":14}},"50":{"start":{"line":149,"column":4},"end":{"line":149,"column":41}}},"fnMap":{"0":{"name":"(anonymous_0)","decl":{"start":{"line":14,"column":33},"end":{"line":14,"column":34}},"loc":{"start":{"line":17,"column":24},"end":{"line":42,"column":1}},"line":17},"1":{"name":"(anonymous_1)","decl":{"start":{"line":31,"column":40},"end":{"line":31,"column":41}},"loc":{"start":{"line":32,"column":16},"end":{"line":38,"column":17}},"line":32},"2":{"name":"(anonymous_2)","decl":{"start":{"line":44,"column":47},"end":{"line":44,"column":48}},"loc":{"start":{"line":47,"column":37},"end":{"line":58,"column":1}},"line":47},"3":{"name":"(anonymous_3)","decl":{"start":{"line":60,"column":30},"end":{"line":60,"column":31}},"loc":{"start":{"line":64,"column":24},"end":{"line":71,"column":1}},"line":64},"4":{"name":"(anonymous_4)","decl":{"start":{"line":73,"column":24},"end":{"line":73,"column":25}},"loc":{"start":{"line":76,"column":24},"end":{"line":97,"column":1}},"line":76},"5":{"name":"(anonymous_5)","decl":{"start":{"line":99,"column":23},"end":{"line":99,"column":24}},"loc":{"start":{"line":99,"column":76},"end":{"line":105,"column":1}},"line":99},"6":{"name":"(anonymous_6)","decl":{"start":{"line":107,"column":24},"end":{"line":107,"column":25}},"loc":{"start":{"line":107,"column":77},"end":{"line":134,"column":1}},"line":107},"7":{"name":"(anonymous_7)","decl":{"start":{"line":136,"column":37},"end":{"line":136,"column":38}},"loc":{"start":{"line":140,"column":13},"end":{"line":150,"column":1}},"line":140},"8":{"name":"(anonymous_8)","decl":{"start":{"line":142,"column":45},"end":{"line":142,"column":46}},"loc":{"start":{"line":142,"column":54},"end":{"line":147,"column":9}},"line":142}},"branchMap":{"0":{"loc":{"start":{"line":19,"column":4},"end":{"line":24,"column":5}},"type":"if","locations":[{"start":{"line":19,"column":4},"end":{"line":24,"column":5}},{"start":{},"end":{}}],"line":19},"1":{"loc":{"start":{"line":54,"column":4},"end":{"line":56,"column":5}},"type":"if","locations":[{"start":{"line":54,"column":4},"end":{"line":56,"column":5}},{"start":{},"end":{}}],"line":54},"2":{"loc":{"start":{"line":63,"column":4},"end":{"line":63,"column":27}},"type":"default-arg","locations":[{"start":{"line":63,"column":22},"end":{"line":63,"column":27}}],"line":63},"3":{"loc":{"start":{"line":65,"column":4},"end":{"line":68,"column":5}},"type":"if","locations":[{"start":{"line":65,"column":4},"end":{"line":68,"column":5}},{"start":{},"end":{}}],"line":65},"4":{"loc":{"start":{"line":67,"column":15},"end":{"line":67,"column":62}},"type":"cond-expr","locations":[{"start":{"line":67,"column":33},"end":{"line":67,"column":53}},{"start":{"line":67,"column":56},"end":{"line":67,"column":62}}],"line":67},"5":{"loc":{"start":{"line":77,"column":4},"end":{"line":79,"column":5}},"type":"if","locations":[{"start":{"line":77,"column":4},"end":{"line":79,"column":5}},{"start":{},"end":{}}],"line":77},"6":{"loc":{"start":{"line":80,"column":4},"end":{"line":82,"column":5}},"type":"if","locations":[{"start":{"line":80,"column":4},"end":{"line":82,"column":5}},{"start":{},"end":{}}],"line":80},"7":{"loc":{"start":{"line":83,"column":4},"end":{"line":85,"column":5}},"type":"if","locations":[{"start":{"line":83,"column":4},"end":{"line":85,"column":5}},{"start":{},"end":{}}],"line":83},"8":{"loc":{"start":{"line":86,"column":4},"end":{"line":93,"column":5}},"type":"if","locations":[{"start":{"line":86,"column":4},"end":{"line":93,"column":5}},{"start":{},"end":{}}],"line":86},"9":{"loc":{"start":{"line":100,"column":4},"end":{"line":102,"column":5}},"type":"if","locations":[{"start":{"line":100,"column":4},"end":{"line":102,"column":5}},{"start":{},"end":{}}],"line":100},"10":{"loc":{"start":{"line":108,"column":4},"end":{"line":122,"column":5}},"type":"if","locations":[{"start":{"line":108,"column":4},"end":{"line":122,"column":5}},{"start":{},"end":{}}],"line":108},"11":{"loc":{"start":{"line":109,"column":8},"end":{"line":111,"column":9}},"type":"if","locations":[{"start":{"line":109,"column":8},"end":{"line":111,"column":9}},{"start":{},"end":{}}],"line":109},"12":{"loc":{"start":{"line":112,"column":8},"end":{"line":114,"column":9}},"type":"if","locations":[{"start":{"line":112,"column":8},"end":{"line":114,"column":9}},{"start":{},"end":{}}],"line":112},"13":{"loc":{"start":{"line":116,"column":8},"end":{"line":120,"column":9}},"type":"if","locations":[{"start":{"line":116,"column":8},"end":{"line":120,"column":9}},{"start":{},"end":{}}],"line":116},"14":{"loc":{"start":{"line":123,"column":4},"end":{"line":130,"column":5}},"type":"if","locations":[{"start":{"line":123,"column":4},"end":{"line":130,"column":5}},{"start":{},"end":{}}],"line":123},"15":{"loc":{"start":{"line":142,"column":9},"end":{"line":142,"column":39}},"type":"binary-expr","locations":[{"start":{"line":142,"column":9},"end":{"line":142,"column":33}},{"start":{"line":142,"column":37},"end":{"line":142,"column":39}}],"line":142}},"s":{"0":1,"1":1,"2":1,"3":0,"4":0,"5":1,"6":1,"7":5,"8":1,"9":10,"10":10,"11":4,"12":10,"13":1,"14":7,"15":5,"16":5,"17":2,"18":2,"19":1,"20":7,"21":4,"22":3,"23":1,"24":2,"25":0,"26":2,"27":2,"28":0,"29":1,"30":5,"31":4,"32":1,"33":1,"34":1,"35":5,"36":5,"37":2,"38":3,"39":1,"40":2,"41":2,"42":1,"43":1,"44":0,"45":0,"46":0,"47":1,"48":16,"49":5,"50":16},"f":{"0":1,"1":5,"2":10,"3":7,"4":7,"5":5,"6":5,"7":16,"8":5},"b":{"0":[0,1],"1":[4,6],"2":[2],"3":[5,2],"4":[1,4],"5":[4,3],"6":[1,2],"7":[0,2],"8":[2,0],"9":[4,1],"10":[5,0],"11":[2,3],"12":[1,2],"13":[1,1],"14":[0,0],"15":[16,0]},"_coverageSchema":"1a1c01bbd47fc00a2c39e90264f33305004495a9","hash":"ee86b7d8ecde2688c25864b737e111180950c040"}
,"/Users/jared/khan/graphql-flow/src/index.ts": {"path":"/Users/jared/khan/graphql-flow/src/index.ts","statementMap":{"0":{"start":{"line":22,"column":24},"end":{"line":54,"column":1}},"1":{"start":{"line":28,"column":28},"end":{"line":34,"column":14}},"2":{"start":{"line":35,"column":43},"end":{"line":35,"column":45}},"3":{"start":{"line":36,"column":4},"end":{"line":40,"column":7}},"4":{"start":{"line":37,"column":8},"end":{"line":39,"column":9}},"5":{"start":{"line":38,"column":12},"end":{"line":38,"column":44}},"6":{"start":{"line":41,"column":19},"end":{"line":49,"column":14}},"7":{"start":{"line":53,"column":4},"end":{"line":53,"column":18}},"8":{"start":{"line":59,"column":8},"end":{"line":59,"column":75}},"9":{"start":{"line":60,"column":8},"end":{"line":60,"column":31}},"10":{"start":{"line":64,"column":35},"end":{"line":155,"column":1}},"11":{"start":{"line":80,"column":34},"end":{"line":80,"column":36}},"12":{"start":{"line":81,"column":19},"end":{"line":86,"column":5}},"13":{"start":{"line":87,"column":19},"end":{"line":150,"column":25}},"14":{"start":{"line":89,"column":12},"end":{"line":117,"column":13}},"15":{"start":{"line":90,"column":29},"end":{"line":90,"column":44}},"16":{"start":{"line":91,"column":51},"end":{"line":91,"column":53}},"17":{"start":{"line":92,"column":29},"end":{"line":102,"column":20}},"18":{"start":{"line":104,"column":35},"end":{"line":104,"column":59}},"19":{"start":{"line":105,"column":42},"end":{"line":107,"column":17}},"20":{"start":{"line":109,"column":16},"end":{"line":116,"column":18}},"21":{"start":{"line":118,"column":12},"end":{"line":148,"column":13}},"22":{"start":{"line":123,"column":51},"end":{"line":123,"column":53}},"23":{"start":{"line":124,"column":29},"end":{"line":124,"column":44}},"24":{"start":{"line":125,"column":33},"end":{"line":131,"column":18}},"25":{"start":{"line":132,"column":34},"end":{"line":135,"column":18}},"26":{"start":{"line":137,"column":33},"end":{"line":137,"column":46}},"27":{"start":{"line":140,"column":29},"end":{"line":140,"column":119}},"28":{"start":{"line":142,"column":35},"end":{"line":142,"column":59}},"29":{"start":{"line":143,"column":42},"end":{"line":145,"column":17}},"30":{"start":{"line":147,"column":16},"end":{"line":147,"column":77}},"31":{"start":{"line":151,"column":4},"end":{"line":153,"column":5}},"32":{"start":{"line":152,"column":8},"end":{"line":152,"column":46}},"33":{"start":{"line":154,"column":4},"end":{"line":154,"column":18}},"34":{"start":{"line":162,"column":8},"end":{"line":162,"column":10}},"35":{"start":{"line":163,"column":4},"end":{"line":165,"column":7}},"36":{"start":{"line":164,"column":8},"end":{"line":164,"column":48}},"37":{"start":{"line":166,"column":4},"end":{"line":166,"column":22}}},"fnMap":{"0":{"name":"(anonymous_0)","decl":{"start":{"line":22,"column":24},"end":{"line":22,"column":25}},"loc":{"start":{"line":27,"column":14},"end":{"line":54,"column":1}},"line":27},"1":{"name":"(anonymous_1)","decl":{"start":{"line":36,"column":24},"end":{"line":36,"column":25}},"loc":{"start":{"line":36,"column":33},"end":{"line":40,"column":5}},"line":36},"2":{"name":"(anonymous_2)","decl":{"start":{"line":58,"column":4},"end":{"line":58,"column":5}},"loc":{"start":{"line":58,"column":39},"end":{"line":61,"column":5}},"line":58},"3":{"name":"(anonymous_3)","decl":{"start":{"line":64,"column":35},"end":{"line":64,"column":36}},"loc":{"start":{"line":79,"column":6},"end":{"line":155,"column":1}},"line":79},"4":{"name":"(anonymous_4)","decl":{"start":{"line":88,"column":13},"end":{"line":88,"column":14}},"loc":{"start":{"line":88,"column":23},"end":{"line":149,"column":9}},"line":88},"5":{"name":"codegenExtraTypes","decl":{"start":{"line":157,"column":9},"end":{"line":157,"column":26}},"loc":{"start":{"line":159,"column":2},"end":{"line":167,"column":1}},"line":159},"6":{"name":"(anonymous_6)","decl":{"start":{"line":163,"column":31},"end":{"line":163,"column":32}},"loc":{"start":{"line":163,"column":46},"end":{"line":165,"column":5}},"line":163}},"branchMap":{"0":{"loc":{"start":{"line":26,"column":4},"end":{"line":26,"column":30}},"type":"default-arg","locations":[{"start":{"line":26,"column":28},"end":{"line":26,"column":30}}],"line":26},"1":{"loc":{"start":{"line":29,"column":27},"end":{"line":29,"column":61}},"type":"binary-expr","locations":[{"start":{"line":29,"column":27},"end":{"line":29,"column":53}},{"start":{"line":29,"column":57},"end":{"line":29,"column":61}}],"line":29},"2":{"loc":{"start":{"line":30,"column":23},"end":{"line":30,"column":53}},"type":"binary-expr","locations":[{"start":{"line":30,"column":23},"end":{"line":30,"column":45}},{"start":{"line":30,"column":49},"end":{"line":30,"column":53}}],"line":30},"3":{"loc":{"start":{"line":31,"column":17},"end":{"line":31,"column":39}},"type":"binary-expr","locations":[{"start":{"line":31,"column":17},"end":{"line":31,"column":33}},{"start":{"line":31,"column":37},"end":{"line":31,"column":39}}],"line":31},"4":{"loc":{"start":{"line":32,"column":20},"end":{"line":32,"column":48}},"type":"binary-expr","locations":[{"start":{"line":32,"column":20},"end":{"line":32,"column":39}},{"start":{"line":32,"column":43},"end":{"line":32,"column":48}}],"line":32},"5":{"loc":{"start":{"line":33,"column":28},"end":{"line":33,"column":64}},"type":"binary-expr","locations":[{"start":{"line":33,"column":28},"end":{"line":33,"column":55}},{"start":{"line":33,"column":59},"end":{"line":33,"column":64}}],"line":33},"6":{"loc":{"start":{"line":37,"column":8},"end":{"line":39,"column":9}},"type":"if","locations":[{"start":{"line":37,"column":8},"end":{"line":39,"column":9}},{"start":{},"end":{}}],"line":37},"7":{"loc":{"start":{"line":47,"column":30},"end":{"line":47,"column":73}},"type":"cond-expr","locations":[{"start":{"line":47,"column":59},"end":{"line":47,"column":61}},{"start":{"line":47,"column":64},"end":{"line":47,"column":73}}],"line":47},"8":{"loc":{"start":{"line":89,"column":12},"end":{"line":117,"column":13}},"type":"if","locations":[{"start":{"line":89,"column":12},"end":{"line":117,"column":13}},{"start":{},"end":{}}],"line":89},"9":{"loc":{"start":{"line":98,"column":40},"end":{"line":100,"column":34}},"type":"cond-expr","locations":[{"start":{"line":99,"column":30},"end":{"line":99,"column":35}},{"start":{"line":100,"column":30},"end":{"line":100,"column":34}}],"line":98},"10":{"loc":{"start":{"line":106,"column":20},"end":{"line":106,"column":53}},"type":"binary-expr","locations":[{"start":{"line":106,"column":20},"end":{"line":106,"column":47}},{"start":{"line":106,"column":51},"end":{"line":106,"column":53}}],"line":106},"11":{"loc":{"start":{"line":118,"column":12},"end":{"line":148,"column":13}},"type":"if","locations":[{"start":{"line":118,"column":12},"end":{"line":148,"column":13}},{"start":{},"end":{}}],"line":118},"12":{"loc":{"start":{"line":119,"column":16},"end":{"line":121,"column":25}},"type":"binary-expr","locations":[{"start":{"line":119,"column":16},"end":{"line":119,"column":51}},{"start":{"line":120,"column":17},"end":{"line":120,"column":43}},{"start":{"line":120,"column":47},"end":{"line":120,"column":76}},{"start":{"line":121,"column":16},"end":{"line":121,"column":25}}],"line":119},"13":{"loc":{"start":{"line":128,"column":36},"end":{"line":130,"column":30}},"type":"cond-expr","locations":[{"start":{"line":129,"column":26},"end":{"line":129,"column":31}},{"start":{"line":130,"column":26},"end":{"line":130,"column":30}}],"line":128},"14":{"loc":{"start":{"line":144,"column":20},"end":{"line":144,"column":53}},"type":"binary-expr","locations":[{"start":{"line":144,"column":20},"end":{"line":144,"column":47}},{"start":{"line":144,"column":51},"end":{"line":144,"column":53}}],"line":144},"15":{"loc":{"start":{"line":151,"column":4},"end":{"line":153,"column":5}},"type":"if","locations":[{"start":{"line":151,"column":4},"end":{"line":153,"column":5}},{"start":{},"end":{}}],"line":151}},"s":{"0":1,"1":16,"2":16,"3":16,"4":19,"5":3,"6":16,"7":16,"8":2,"9":2,"10":1,"11":16,"12":16,"13":16,"14":19,"15":3,"16":3,"17":3,"18":3,"19":3,"20":3,"21":16,"22":16,"23":16,"24":16,"25":16,"26":16,"27":16,"28":16,"29":16,"30":16,"31":16,"32":2,"33":14,"34":38,"35":38,"36":4,"37":38},"f":{"0":16,"1":19,"2":2,"3":16,"4":19,"5":38,"6":4},"b":{"0":[0],"1":[16,16],"2":[16,11],"3":[16,0],"4":[16,16],"5":[16,16],"6":[3,16],"7":[0,16],"8":[3,16],"9":[0,3],"10":[3,3],"11":[16,0],"12":[16,16,1,16],"13":[1,15],"14":[16,16],"15":[2,14]},"_coverageSchema":"1a1c01bbd47fc00a2c39e90264f33305004495a9","hash":"55f329dcf3dbb924d365c11c28fa54e91644245c"}
,"/Users/jared/khan/graphql-flow/src/schemaFromIntrospectionData.ts": {"path":"/Users/jared/khan/graphql-flow/src/schemaFromIntrospectionData.ts","statementMap":{"0":{"start":{"line":8,"column":43},"end":{"line":67,"column":1}},"1":{"start":{"line":11,"column":27},"end":{"line":17,"column":5}},"2":{"start":{"line":19,"column":4},"end":{"line":64,"column":7}},"3":{"start":{"line":20,"column":8},"end":{"line":23,"column":9}},"4":{"start":{"line":21,"column":12},"end":{"line":21,"column":49}},"5":{"start":{"line":22,"column":12},"end":{"line":22,"column":19}},"6":{"start":{"line":24,"column":8},"end":{"line":27,"column":9}},"7":{"start":{"line":25,"column":12},"end":{"line":25,"column":50}},"8":{"start":{"line":26,"column":12},"end":{"line":26,"column":19}},"9":{"start":{"line":28,"column":8},"end":{"line":45,"column":9}},"10":{"start":{"line":29,"column":12},"end":{"line":33,"column":14}},"11":{"start":{"line":34,"column":12},"end":{"line":39,"column":14}},"12":{"start":{"line":36,"column":21},"end":{"line":38,"column":28}},"13":{"start":{"line":40,"column":12},"end":{"line":43,"column":15}},"14":{"start":{"line":41,"column":16},"end":{"line":42,"column":26}},"15":{"start":{"line":44,"column":12},"end":{"line":44,"column":19}},"16":{"start":{"line":46,"column":8},"end":{"line":49,"column":9}},"17":{"start":{"line":47,"column":12},"end":{"line":47,"column":56}},"18":{"start":{"line":48,"column":12},"end":{"line":48,"column":19}},"19":{"start":{"line":50,"column":8},"end":{"line":52,"column":9}},"20":{"start":{"line":51,"column":12},"end":{"line":51,"column":19}},"21":{"start":{"line":53,"column":8},"end":{"line":56,"column":10}},"22":{"start":{"line":57,"column":8},"end":{"line":59,"column":9}},"23":{"start":{"line":58,"column":12},"end":{"line":58,"column":19}},"24":{"start":{"line":61,"column":8},"end":{"line":63,"column":11}},"25":{"start":{"line":62,"column":12},"end":{"line":62,"column":75}},"26":{"start":{"line":66,"column":4},"end":{"line":66,"column":18}}},"fnMap":{"0":{"name":"(anonymous_0)","decl":{"start":{"line":8,"column":43},"end":{"line":8,"column":44}},"loc":{"start":{"line":10,"column":13},"end":{"line":67,"column":1}},"line":10},"1":{"name":"(anonymous_1)","decl":{"start":{"line":19,"column":34},"end":{"line":19,"column":35}},"loc":{"start":{"line":19,"column":44},"end":{"line":64,"column":5}},"line":19},"2":{"name":"(anonymous_2)","decl":{"start":{"line":35,"column":16},"end":{"line":35,"column":17}},"loc":{"start":{"line":36,"column":21},"end":{"line":38,"column":28}},"line":36},"3":{"name":"(anonymous_3)","decl":{"start":{"line":40,"column":32},"end":{"line":40,"column":33}},"loc":{"start":{"line":40,"column":43},"end":{"line":43,"column":13}},"line":40},"4":{"name":"(anonymous_4)","decl":{"start":{"line":61,"column":28},"end":{"line":61,"column":29}},"loc":{"start":{"line":61,"column":39},"end":{"line":63,"column":9}},"line":61}},"branchMap":{"0":{"loc":{"start":{"line":20,"column":8},"end":{"line":23,"column":9}},"type":"if","locations":[{"start":{"line":20,"column":8},"end":{"line":23,"column":9}},{"start":{},"end":{}}],"line":20},"1":{"loc":{"start":{"line":24,"column":8},"end":{"line":27,"column":9}},"type":"if","locations":[{"start":{"line":24,"column":8},"end":{"line":27,"column":9}},{"start":{},"end":{}}],"line":24},"2":{"loc":{"start":{"line":28,"column":8},"end":{"line":45,"column":9}},"type":"if","locations":[{"start":{"line":28,"column":8},"end":{"line":45,"column":9}},{"start":{},"end":{}}],"line":28},"3":{"loc":{"start":{"line":46,"column":8},"end":{"line":49,"column":9}},"type":"if","locations":[{"start":{"line":46,"column":8},"end":{"line":49,"column":9}},{"start":{},"end":{}}],"line":46},"4":{"loc":{"start":{"line":50,"column":8},"end":{"line":52,"column":9}},"type":"if","locations":[{"start":{"line":50,"column":8},"end":{"line":52,"column":9}},{"start":{},"end":{}}],"line":50},"5":{"loc":{"start":{"line":57,"column":8},"end":{"line":59,"column":9}},"type":"if","locations":[{"start":{"line":57,"column":8},"end":{"line":59,"column":9}},{"start":{},"end":{}}],"line":57}},"s":{"0":1,"1":1,"2":1,"3":21,"4":3,"5":3,"6":18,"7":1,"8":1,"9":17,"10":1,"11":1,"12":2,"13":1,"14":4,"15":1,"16":16,"17":1,"18":1,"19":15,"20":4,"21":11,"22":11,"23":0,"24":11,"25":57,"26":1},"f":{"0":1,"1":21,"2":2,"3":4,"4":57},"b":{"0":[3,18],"1":[1,17],"2":[1,16],"3":[1,15],"4":[4,11],"5":[0,11]},"_coverageSchema":"1a1c01bbd47fc00a2c39e90264f33305004495a9","hash":"2ad165db0895428bd10fc7bbc31bf604750870a5"}
,"/Users/jared/khan/graphql-flow/src/utils.ts": {"path":"/Users/jared/khan/graphql-flow/src/utils.ts","statementMap":{"0":{"start":{"line":4,"column":43},"end":{"line":8,"column":1}},"1":{"start":{"line":7,"column":4},"end":{"line":7,"column":71}},"2":{"start":{"line":10,"column":42},"end":{"line":18,"column":1}},"3":{"start":{"line":14,"column":4},"end":{"line":16,"column":5}},"4":{"start":{"line":15,"column":8},"end":{"line":15,"column":52}},"5":{"start":{"line":17,"column":4},"end":{"line":17,"column":16}},"6":{"start":{"line":24,"column":4},"end":{"line":33,"column":5}},"7":{"start":{"line":25,"column":8},"end":{"line":25,"column":68}},"8":{"start":{"line":27,"column":8},"end":{"line":32,"column":10}},"9":{"start":{"line":36,"column":39},"end":{"line":48,"column":1}},"10":{"start":{"line":40,"column":4},"end":{"line":46,"column":5}},"11":{"start":{"line":41,"column":8},"end":{"line":44,"column":10}},"12":{"start":{"line":45,"column":8},"end":{"line":45,"column":36}},"13":{"start":{"line":47,"column":4},"end":{"line":47,"column":16}},"14":{"start":{"line":51,"column":4},"end":{"line":55,"column":7}},"15":{"start":{"line":59,"column":18},"end":{"line":59,"column":23}},"16":{"start":{"line":60,"column":23},"end":{"line":60,"column":28}},"17":{"start":{"line":61,"column":4},"end":{"line":69,"column":5}},"18":{"start":{"line":62,"column":8},"end":{"line":68,"column":9}},"19":{"start":{"line":63,"column":12},"end":{"line":67,"column":13}},"20":{"start":{"line":64,"column":16},"end":{"line":64,"column":31}},"21":{"start":{"line":65,"column":19},"end":{"line":67,"column":13}},"22":{"start":{"line":66,"column":16},"end":{"line":66,"column":36}},"23":{"start":{"line":70,"column":4},"end":{"line":70,"column":35}},"24":{"start":{"line":76,"column":55},"end":{"line":76,"column":57}},"25":{"start":{"line":77,"column":31},"end":{"line":85,"column":6}},"26":{"start":{"line":78,"column":8},"end":{"line":83,"column":9}},"27":{"start":{"line":79,"column":12},"end":{"line":81,"column":13}},"28":{"start":{"line":80,"column":16},"end":{"line":80,"column":29}},"29":{"start":{"line":82,"column":12},"end":{"line":82,"column":49}},"30":{"start":{"line":84,"column":8},"end":{"line":84,"column":20}},"31":{"start":{"line":86,"column":4},"end":{"line":86,"column":56}}},"fnMap":{"0":{"name":"(anonymous_0)","decl":{"start":{"line":4,"column":43},"end":{"line":4,"column":44}},"loc":{"start":{"line":6,"column":26},"end":{"line":8,"column":1}},"line":6},"1":{"name":"(anonymous_1)","decl":{"start":{"line":10,"column":42},"end":{"line":10,"column":43}},"loc":{"start":{"line":13,"column":8},"end":{"line":18,"column":1}},"line":13},"2":{"name":"addCommentAsLineComments","decl":{"start":{"line":20,"column":16},"end":{"line":20,"column":40}},"loc":{"start":{"line":23,"column":2},"end":{"line":34,"column":1}},"line":23},"3":{"name":"(anonymous_3)","decl":{"start":{"line":36,"column":39},"end":{"line":36,"column":40}},"loc":{"start":{"line":39,"column":8},"end":{"line":48,"column":1}},"line":39},"4":{"name":"nullableType","decl":{"start":{"line":50,"column":16},"end":{"line":50,"column":28}},"loc":{"start":{"line":50,"column":73},"end":{"line":56,"column":1}},"line":50},"5":{"name":"isnNullableType","decl":{"start":{"line":58,"column":16},"end":{"line":58,"column":31}},"loc":{"start":{"line":58,"column":66},"end":{"line":71,"column":1}},"line":58},"6":{"name":"objectTypeFromProperties","decl":{"start":{"line":73,"column":16},"end":{"line":73,"column":40}},"loc":{"start":{"line":75,"column":28},"end":{"line":87,"column":1}},"line":75},"7":{"name":"(anonymous_7)","decl":{"start":{"line":77,"column":49},"end":{"line":77,"column":50}},"loc":{"start":{"line":77,"column":56},"end":{"line":85,"column":5}},"line":77}},"branchMap":{"0":{"loc":{"start":{"line":14,"column":4},"end":{"line":16,"column":5}},"type":"if","locations":[{"start":{"line":14,"column":4},"end":{"line":16,"column":5}},{"start":{},"end":{}}],"line":14},"1":{"loc":{"start":{"line":24,"column":4},"end":{"line":33,"column":5}},"type":"if","locations":[{"start":{"line":24,"column":4},"end":{"line":33,"column":5}},{"start":{"line":26,"column":11},"end":{"line":33,"column":5}}],"line":24},"2":{"loc":{"start":{"line":40,"column":4},"end":{"line":46,"column":5}},"type":"if","locations":[{"start":{"line":40,"column":4},"end":{"line":46,"column":5}},{"start":{},"end":{}}],"line":40},"3":{"loc":{"start":{"line":42,"column":16},"end":{"line":42,"column":42}},"type":"binary-expr","locations":[{"start":{"line":42,"column":16},"end":{"line":42,"column":36}},{"start":{"line":42,"column":40},"end":{"line":42,"column":42}}],"line":42},"4":{"loc":{"start":{"line":61,"column":4},"end":{"line":69,"column":5}},"type":"if","locations":[{"start":{"line":61,"column":4},"end":{"line":69,"column":5}},{"start":{},"end":{}}],"line":61},"5":{"loc":{"start":{"line":63,"column":12},"end":{"line":67,"column":13}},"type":"if","locations":[{"start":{"line":63,"column":12},"end":{"line":67,"column":13}},{"start":{"line":65,"column":19},"end":{"line":67,"column":13}}],"line":63},"6":{"loc":{"start":{"line":65,"column":19},"end":{"line":67,"column":13}},"type":"if","locations":[{"start":{"line":65,"column":19},"end":{"line":67,"column":13}},{"start":{},"end":{}}],"line":65},"7":{"loc":{"start":{"line":70,"column":11},"end":{"line":70,"column":34}},"type":"binary-expr","locations":[{"start":{"line":70,"column":11},"end":{"line":70,"column":18}},{"start":{"line":70,"column":22},"end":{"line":70,"column":34}}],"line":70},"8":{"loc":{"start":{"line":78,"column":8},"end":{"line":83,"column":9}},"type":"if","locations":[{"start":{"line":78,"column":8},"end":{"line":83,"column":9}},{"start":{},"end":{}}],"line":78},"9":{"loc":{"start":{"line":79,"column":12},"end":{"line":81,"column":13}},"type":"if","locations":[{"start":{"line":79,"column":12},"end":{"line":81,"column":13}},{"start":{},"end":{}}],"line":79}},"s":{"0":1,"1":100,"2":1,"3":75,"4":30,"5":75,"6":30,"7":0,"8":30,"9":1,"10":179,"11":16,"12":16,"13":179,"14":80,"15":10,"16":10,"17":10,"18":4,"19":12,"20":4,"21":8,"22":4,"23":10,"24":69,"25":69,"26":104,"27":104,"28":0,"29":104,"30":104,"31":69},"f":{"0":100,"1":75,"2":30,"3":179,"4":80,"5":10,"6":69,"7":104},"b":{"0":[30,45],"1":[0,30],"2":[16,163],"3":[16,16],"4":[4,6],"5":[4,8],"6":[4,4],"7":[10,4],"8":[104,0],"9":[0,104]},"_coverageSchema":"1a1c01bbd47fc00a2c39e90264f33305004495a9","hash":"35dc8d477fa8a6832d04db11c9133b292579bffb"}
,"/Users/jared/khan/graphql-flow/src/cli/config.ts": {"path":"/Users/jared/khan/graphql-flow/src/cli/config.ts","statementMap":{"0":{"start":{"line":18,"column":31},"end":{"line":25,"column":1}},"1":{"start":{"line":19,"column":19},"end":{"line":19,"column":46}},"2":{"start":{"line":20,"column":4},"end":{"line":24,"column":5}},"3":{"start":{"line":21,"column":8},"end":{"line":23,"column":10}},"4":{"start":{"line":22,"column":41},"end":{"line":22,"column":57}},"5":{"start":{"line":27,"column":30},"end":{"line":31,"column":1}},"6":{"start":{"line":28,"column":25},"end":{"line":28,"column":44}},"7":{"start":{"line":29,"column":4},"end":{"line":29,"column":40}},"8":{"start":{"line":30,"column":4},"end":{"line":30,"column":16}},"9":{"start":{"line":36,"column":26},"end":{"line":55,"column":1}},"10":{"start":{"line":37,"column":16},"end":{"line":37,"column":55}},"11":{"start":{"line":38,"column":4},"end":{"line":54,"column":5}},"12":{"start":{"line":39,"column":36},"end":{"line":39,"column":52}},"13":{"start":{"line":40,"column":30},"end":{"line":43,"column":10}},"14":{"start":{"line":44,"column":40},"end":{"line":46,"column":9}},"15":{"start":{"line":47,"column":8},"end":{"line":47,"column":62}},"16":{"start":{"line":49,"column":54},"end":{"line":49,"column":69}},"17":{"start":{"line":50,"column":36},"end":{"line":50,"column":72}},"18":{"start":{"line":52,"column":12},"end":{"line":52,"column":58}},"19":{"start":{"line":53,"column":8},"end":{"line":53,"column":62}},"20":{"start":{"line":62,"column":36},"end":{"line":82,"column":1}},"21":{"start":{"line":66,"column":4},"end":{"line":68,"column":5}},"22":{"start":{"line":67,"column":8},"end":{"line":67,"column":28}},"23":{"start":{"line":69,"column":4},"end":{"line":81,"column":7}},"24":{"start":{"line":70,"column":8},"end":{"line":76,"column":9}},"25":{"start":{"line":72,"column":16},"end":{"line":72,"column":46}},"26":{"start":{"line":75,"column":12},"end":{"line":75,"column":25}},"27":{"start":{"line":77,"column":8},"end":{"line":79,"column":9}},"28":{"start":{"line":78,"column":12},"end":{"line":78,"column":24}},"29":{"start":{"line":80,"column":8},"end":{"line":80,"column":78}},"30":{"start":{"line":80,"column":46},"end":{"line":80,"column":76}}},"fnMap":{"0":{"name":"(anonymous_0)","decl":{"start":{"line":18,"column":31},"end":{"line":18,"column":32}},"loc":{"start":{"line":18,"column":72},"end":{"line":25,"column":1}},"line":18},"1":{"name":"(anonymous_1)","decl":{"start":{"line":22,"column":30},"end":{"line":22,"column":31}},"loc":{"start":{"line":22,"column":41},"end":{"line":22,"column":57}},"line":22},"2":{"name":"(anonymous_2)","decl":{"start":{"line":27,"column":30},"end":{"line":27,"column":31}},"loc":{"start":{"line":27,"column":62},"end":{"line":31,"column":1}},"line":27},"3":{"name":"(anonymous_3)","decl":{"start":{"line":36,"column":26},"end":{"line":36,"column":27}},"loc":{"start":{"line":36,"column":79},"end":{"line":55,"column":1}},"line":36},"4":{"name":"(anonymous_4)","decl":{"start":{"line":62,"column":36},"end":{"line":62,"column":37}},"loc":{"start":{"line":65,"column":40},"end":{"line":82,"column":1}},"line":65},"5":{"name":"(anonymous_5)","decl":{"start":{"line":69,"column":24},"end":{"line":69,"column":25}},"loc":{"start":{"line":69,"column":36},"end":{"line":81,"column":5}},"line":69},"6":{"name":"(anonymous_6)","decl":{"start":{"line":71,"column":33},"end":{"line":71,"column":34}},"loc":{"start":{"line":72,"column":16},"end":{"line":72,"column":46}},"line":72},"7":{"name":"(anonymous_7)","decl":{"start":{"line":80,"column":33},"end":{"line":80,"column":34}},"loc":{"start":{"line":80,"column":46},"end":{"line":80,"column":76}},"line":80}},"branchMap":{"0":{"loc":{"start":{"line":20,"column":4},"end":{"line":24,"column":5}},"type":"if","locations":[{"start":{"line":20,"column":4},"end":{"line":24,"column":5}},{"start":{},"end":{}}],"line":20},"1":{"loc":{"start":{"line":38,"column":4},"end":{"line":54,"column":5}},"type":"if","locations":[{"start":{"line":38,"column":4},"end":{"line":54,"column":5}},{"start":{"line":48,"column":11},"end":{"line":54,"column":5}}],"line":38},"2":{"loc":{"start":{"line":66,"column":4},"end":{"line":68,"column":5}},"type":"if","locations":[{"start":{"line":66,"column":4},"end":{"line":68,"column":5}},{"start":{},"end":{}}],"line":66},"3":{"loc":{"start":{"line":70,"column":8},"end":{"line":76,"column":9}},"type":"if","locations":[{"start":{"line":70,"column":8},"end":{"line":76,"column":9}},{"start":{},"end":{}}],"line":70},"4":{"loc":{"start":{"line":77,"column":8},"end":{"line":79,"column":9}},"type":"if","locations":[{"start":{"line":77,"column":8},"end":{"line":79,"column":9}},{"start":{},"end":{}}],"line":77}},"s":{"0":1,"1":0,"2":0,"3":0,"4":0,"5":1,"6":0,"7":0,"8":0,"9":1,"10":1,"11":1,"12":1,"13":1,"14":1,"15":1,"16":0,"17":0,"18":0,"19":0,"20":1,"21":0,"22":0,"23":0,"24":0,"25":0,"26":0,"27":0,"28":0,"29":0,"30":0},"f":{"0":0,"1":0,"2":0,"3":1,"4":0,"5":0,"6":0,"7":0},"b":{"0":[0,0],"1":[1,0],"2":[0,0],"3":[0,0],"4":[0,0]},"_coverageSchema":"1a1c01bbd47fc00a2c39e90264f33305004495a9","hash":"11e49c435f7ae2ecb742659dcdd64b8639370815"}
}
