TN:
SF:src/enums.ts
FN:10,(anonymous_0)
FN:18,(anonymous_1)
FN:36,(anonymous_2)
FN:40,(anonymous_3)
FN:57,(anonymous_4)
FN:78,(anonymous_5)
FNF:6
FNH:4
FNDA:0,(anonymous_0)
FNDA:0,(anonymous_1)
FNDA:6,(anonymous_2)
FNDA:18,(anonymous_3)
FNDA:18,(anonymous_4)
FNDA:67,(anonymous_5)
DA:10,1
DA:15,0
DA:19,0
DA:26,0
DA:27,0
DA:30,0
DA:36,1
DA:37,6
DA:38,6
DA:41,18
DA:47,6
DA:48,0
DA:52,6
DA:58,18
DA:68,1
DA:78,1
DA:79,67
DA:80,61
DA:84,6
DA:85,6
DA:86,6
DA:90,0
DA:93,0
LF:23
LH:15
BRDA:26,0,0,0
BRDA:26,0,1,0
BRDA:42,1,0,0
BRDA:42,1,1,18
BRDA:47,2,0,0
BRDA:47,2,1,6
BRDA:52,3,0,0
BRDA:52,3,1,6
BRDA:79,4,0,61
BRDA:79,4,1,6
BRDA:85,5,0,6
BRDA:85,5,1,0
BRF:12
BRH:6
end_of_record
TN:
SF:src/generateResponseType.ts
FN:28,(anonymous_0)
FN:45,(anonymous_1)
FN:50,(anonymous_2)
FN:72,(anonymous_3)
FN:109,(anonymous_4)
FN:180,(anonymous_5)
FN:198,(anonymous_6)
FN:202,(anonymous_7)
FN:231,(anonymous_8)
FN:245,(anonymous_9)
FN:255,(anonymous_10)
FN:360,(anonymous_11)
FN:372,(anonymous_12)
FN:379,(anonymous_13)
FN:382,(anonymous_14)
FN:391,(anonymous_15)
FN:407,(anonymous_16)
FN:418,(anonymous_17)
FN:468,(anonymous_18)
FN:482,(anonymous_19)
FN:557,(anonymous_20)
FNF:21
FNH:21
FNDA:16,(anonymous_0)
FNDA:52,(anonymous_1)
FNDA:77,(anonymous_2)
FNDA:3,(anonymous_3)
FNDA:103,(anonymous_4)
FNDA:103,(anonymous_5)
FNDA:62,(anonymous_6)
FNDA:108,(anonymous_7)
FNDA:27,(anonymous_8)
FNDA:40,(anonymous_9)
FNDA:59,(anonymous_10)
FNDA:17,(anonymous_11)
FNDA:27,(anonymous_12)
FNDA:18,(anonymous_13)
FNDA:35,(anonymous_14)
FNDA:63,(anonymous_15)
FNDA:10,(anonymous_16)
FNDA:2,(anonymous_17)
FNDA:15,(anonymous_18)
FNDA:77,(anonymous_19)
FNDA:14,(anonymous_20)
DA:28,1
DA:33,16
DA:42,16
DA:45,1
DA:49,52
DA:51,77
DA:55,77
DA:56,77
DA:57,77
DA:59,0
DA:62,52
DA:63,52
DA:64,52
DA:65,3
DA:66,3
DA:68,49
DA:72,1
DA:77,3
DA:80,3
DA:81,0
DA:90,3
DA:91,3
DA:96,0
DA:97,0
DA:103,0
DA:106,3
DA:109,1
DA:114,103
DA:115,61
DA:117,42
DA:118,13
DA:127,29
DA:128,1
DA:129,1
DA:130,0
DA:131,0
DA:133,1
DA:140,28
DA:141,13
DA:142,0
DA:143,0
DA:145,13
DA:151,15
DA:152,4
DA:154,11
DA:155,0
DA:156,0
DA:159,11
DA:160,11
DA:161,0
DA:162,0
DA:164,11
DA:165,11
DA:166,0
DA:167,0
DA:169,11
DA:180,1
DA:186,103
DA:187,27
DA:190,76
DA:191,0
DA:193,76
DA:194,76
DA:195,76
DA:198,1
DA:201,62
DA:202,62
DA:206,108
DA:212,16
DA:217,16
DA:218,0
DA:219,0
DA:223,0
DA:225,16
DA:227,108
DA:231,1
DA:237,27
DA:245,1
DA:255,40
DA:256,59
DA:259,3
DA:260,3
DA:261,1
DA:263,2
DA:271,2
DA:272,1
DA:275,1
DA:287,1
DA:295,54
DA:296,54
DA:299,54
DA:300,1
DA:311,53
DA:312,1
DA:315,1
DA:328,52
DA:330,52
DA:352,0
DA:355,0
DA:360,1
DA:371,17
DA:372,27
DA:377,17
DA:380,18
DA:383,35
DA:387,35
DA:392,63
DA:404,17
DA:405,10
DA:406,10
DA:408,10
DA:412,10
DA:413,1
DA:419,2
DA:429,10
DA:431,7
DA:432,0
DA:467,7
DA:469,15
DA:475,7
DA:476,7
DA:477,1
DA:478,1
DA:480,6
DA:482,1
DA:488,77
DA:489,15
DA:492,15
DA:503,62
DA:505,38
DA:506,38
DA:507,38
DA:508,0
DA:516,0
DA:527,38
DA:528,38
DA:543,24
DA:544,4
DA:545,4
DA:546,0
DA:548,4
DA:549,4
DA:556,4
DA:558,14
DA:566,0
DA:569,20
DA:570,0
DA:573,0
DA:574,0
DA:579,0
DA:581,20
DA:582,18
DA:584,18
DA:587,18
DA:588,10
DA:591,10
LF:156
LH:126
BRDA:36,0,0,1
BRDA:36,0,1,15
BRDA:39,1,0,1
BRDA:39,1,1,15
BRDA:51,2,0,77
BRDA:51,2,1,0
BRDA:52,3,0,77
BRDA:52,3,1,77
BRDA:55,4,0,77
BRDA:55,4,1,0
BRDA:56,5,0,77
BRDA:56,5,1,0
BRDA:57,6,0,44
BRDA:57,6,1,33
BRDA:64,7,0,3
BRDA:64,7,1,49
BRDA:64,8,0,52
BRDA:64,8,1,4
BRDA:80,9,0,0
BRDA:80,9,1,3
BRDA:90,10,0,3
BRDA:90,10,1,0
BRDA:96,11,0,0
BRDA:96,11,1,0
BRDA:114,12,0,61
BRDA:114,12,1,42
BRDA:117,13,0,13
BRDA:117,13,1,29
BRDA:119,14,0,11
BRDA:119,14,1,2
BRDA:127,15,0,1
BRDA:127,15,1,28
BRDA:129,16,0,0
BRDA:129,16,1,1
BRDA:140,17,0,13
BRDA:140,17,1,15
BRDA:141,18,0,0
BRDA:141,18,1,13
BRDA:151,19,0,4
BRDA:151,19,1,11
BRDA:154,20,0,0
BRDA:154,20,1,11
BRDA:160,21,0,0
BRDA:160,21,1,11
BRDA:165,22,0,0
BRDA:165,22,1,11
BRDA:186,23,0,27
BRDA:186,23,1,76
BRDA:190,24,0,0
BRDA:190,24,1,76
BRDA:206,25,0,16
BRDA:206,25,1,92
BRDA:207,26,0,108
BRDA:207,26,1,108
BRDA:207,26,2,108
BRDA:212,27,0,16
BRDA:212,27,1,0
BRDA:212,28,0,16
BRDA:212,28,1,16
BRDA:217,29,0,0
BRDA:217,29,1,16
BRDA:218,30,0,0
BRDA:218,30,1,0
BRDA:256,31,0,3
BRDA:256,31,1,2
BRDA:256,31,2,54
BRDA:256,31,3,0
BRDA:259,32,0,3
BRDA:259,32,1,1
BRDA:260,33,0,1
BRDA:260,33,1,2
BRDA:271,34,0,1
BRDA:271,34,1,1
BRDA:296,35,0,1
BRDA:296,35,1,53
BRDA:299,36,0,1
BRDA:299,36,1,53
BRDA:311,37,0,1
BRDA:311,37,1,52
BRDA:380,38,0,18
BRDA:380,38,1,0
BRDA:385,39,0,20
BRDA:385,39,1,15
BRDA:404,40,0,10
BRDA:404,40,1,7
BRDA:408,41,0,10
BRDA:408,41,1,10
BRDA:408,41,2,10
BRDA:412,42,0,1
BRDA:412,42,1,9
BRDA:431,43,0,0
BRDA:431,43,1,7
BRDA:476,44,0,1
BRDA:476,44,1,6
BRDA:476,45,0,7
BRDA:476,45,1,1
BRDA:488,46,0,15
BRDA:488,46,1,62
BRDA:488,47,0,77
BRDA:488,47,1,53
BRDA:489,48,0,0
BRDA:489,48,1,15
BRDA:503,49,0,38
BRDA:503,49,1,24
BRDA:503,50,0,62
BRDA:503,50,1,38
BRDA:506,51,0,0
BRDA:506,51,1,38
BRDA:507,52,0,0
BRDA:507,52,1,38
BRDA:543,53,0,4
BRDA:543,53,1,20
BRDA:545,54,0,0
BRDA:545,54,1,4
BRDA:549,55,0,4
BRDA:549,55,1,0
BRDA:550,56,0,4
BRDA:550,56,1,4
BRDA:550,56,2,0
BRDA:569,57,0,0
BRDA:569,57,1,20
BRDA:573,58,0,0
BRDA:573,58,1,0
BRDA:581,59,0,18
BRDA:581,59,1,2
BRDA:587,60,0,10
BRDA:587,60,1,8
BRDA:587,61,0,18
BRDA:587,61,1,10
BRF:129
BRH:100
end_of_record
TN:
SF:src/generateVariablesType.ts
FN:14,(anonymous_0)
FN:31,(anonymous_1)
FN:44,(anonymous_2)
FN:60,(anonymous_3)
FN:73,(anonymous_4)
FN:99,(anonymous_5)
FN:107,(anonymous_6)
FN:136,(anonymous_7)
FN:142,(anonymous_8)
FNF:9
FNH:9
FNDA:1,(anonymous_0)
FNDA:5,(anonymous_1)
FNDA:10,(anonymous_2)
FNDA:7,(anonymous_3)
FNDA:7,(anonymous_4)
FNDA:5,(anonymous_5)
FNDA:5,(anonymous_6)
FNDA:16,(anonymous_7)
FNDA:5,(anonymous_8)
DA:14,1
DA:18,1
DA:19,1
DA:20,0
DA:21,0
DA:26,1
DA:28,1
DA:32,5
DA:44,1
DA:48,10
DA:54,10
DA:55,4
DA:57,10
DA:60,1
DA:65,7
DA:66,5
DA:67,5
DA:69,2
DA:70,2
DA:73,1
DA:77,7
DA:78,4
DA:80,3
DA:81,1
DA:83,2
DA:84,0
DA:86,2
DA:87,2
DA:94,0
DA:99,1
DA:100,5
DA:101,4
DA:103,1
DA:104,1
DA:107,1
DA:108,5
DA:109,5
DA:110,2
DA:112,3
DA:113,1
DA:115,2
DA:116,2
DA:117,1
DA:121,1
DA:123,0
DA:124,0
DA:131,0
DA:136,1
DA:141,16
DA:143,5
DA:149,16
LF:51
LH:44
BRDA:19,0,0,0
BRDA:19,0,1,1
BRDA:54,1,0,4
BRDA:54,1,1,6
BRDA:63,2,0,2
BRDA:65,3,0,5
BRDA:65,3,1,2
BRDA:67,4,0,1
BRDA:67,4,1,4
BRDA:77,5,0,4
BRDA:77,5,1,3
BRDA:80,6,0,1
BRDA:80,6,1,2
BRDA:83,7,0,0
BRDA:83,7,1,2
BRDA:86,8,0,2
BRDA:86,8,1,0
BRDA:100,9,0,4
BRDA:100,9,1,1
BRDA:108,10,0,5
BRDA:108,10,1,0
BRDA:109,11,0,2
BRDA:109,11,1,3
BRDA:112,12,0,1
BRDA:112,12,1,2
BRDA:116,13,0,1
BRDA:116,13,1,1
BRDA:123,14,0,0
BRDA:123,14,1,0
BRDA:142,15,0,16
BRDA:142,15,1,0
BRF:31
BRH:24
end_of_record
TN:
SF:src/index.ts
FN:22,(anonymous_0)
FN:36,(anonymous_1)
FN:58,(anonymous_2)
FN:64,(anonymous_3)
FN:88,(anonymous_4)
FN:157,codegenExtraTypes
FN:163,(anonymous_6)
FNF:7
FNH:7
FNDA:16,(anonymous_0)
FNDA:19,(anonymous_1)
FNDA:2,(anonymous_2)
FNDA:16,(anonymous_3)
FNDA:19,(anonymous_4)
FNDA:38,codegenExtraTypes
FNDA:4,(anonymous_6)
DA:22,1
DA:28,16
DA:35,16
DA:36,16
DA:37,19
DA:38,3
DA:41,16
DA:53,16
DA:59,2
DA:60,2
DA:64,1
DA:80,16
DA:81,16
DA:87,16
DA:89,19
DA:90,3
DA:91,3
DA:92,3
DA:104,3
DA:105,3
DA:109,3
DA:118,16
DA:123,16
DA:124,16
DA:125,16
DA:132,16
DA:137,16
DA:140,16
DA:142,16
DA:143,16
DA:147,16
DA:151,16
DA:152,2
DA:154,14
DA:162,38
DA:163,38
DA:164,4
DA:166,38
LF:38
LH:38
BRDA:26,0,0,0
BRDA:29,1,0,16
BRDA:29,1,1,16
BRDA:30,2,0,16
BRDA:30,2,1,11
BRDA:31,3,0,16
BRDA:31,3,1,0
BRDA:32,4,0,16
BRDA:32,4,1,16
BRDA:33,5,0,16
BRDA:33,5,1,16
BRDA:37,6,0,3
BRDA:37,6,1,16
BRDA:47,7,0,0
BRDA:47,7,1,16
BRDA:89,8,0,3
BRDA:89,8,1,16
BRDA:98,9,0,0
BRDA:98,9,1,3
BRDA:106,10,0,3
BRDA:106,10,1,3
BRDA:118,11,0,16
BRDA:118,11,1,0
BRDA:119,12,0,16
BRDA:119,12,1,16
BRDA:119,12,2,1
BRDA:119,12,3,16
BRDA:128,13,0,1
BRDA:128,13,1,15
BRDA:144,14,0,16
BRDA:144,14,1,16
BRDA:151,15,0,2
BRDA:151,15,1,14
BRF:33
BRH:28
end_of_record
TN:
SF:src/schemaFromIntrospectionData.ts
FN:8,(anonymous_0)
FN:19,(anonymous_1)
FN:35,(anonymous_2)
FN:40,(anonymous_3)
FN:61,(anonymous_4)
FNF:5
FNH:5
FNDA:1,(anonymous_0)
FNDA:21,(anonymous_1)
FNDA:2,(anonymous_2)
FNDA:4,(anonymous_3)
FNDA:57,(anonymous_4)
DA:8,1
DA:11,1
DA:19,1
DA:20,21
DA:21,3
DA:22,3
DA:24,18
DA:25,1
DA:26,1
DA:28,17
DA:29,1
DA:34,1
DA:36,2
DA:40,1
DA:41,4
DA:44,1
DA:46,16
DA:47,1
DA:48,1
DA:50,15
DA:51,4
DA:53,11
DA:57,11
DA:58,0
DA:61,11
DA:62,57
DA:66,1
LF:27
LH:26
BRDA:20,0,0,3
BRDA:20,0,1,18
BRDA:24,1,0,1
BRDA:24,1,1,17
BRDA:28,2,0,1
BRDA:28,2,1,16
BRDA:46,3,0,1
BRDA:46,3,1,15
BRDA:50,4,0,4
BRDA:50,4,1,11
BRDA:57,5,0,0
BRDA:57,5,1,11
BRF:12
BRH:11
end_of_record
TN:
SF:src/utils.ts
FN:4,(anonymous_0)
FN:10,(anonymous_1)
FN:20,addCommentAsLineComments
FN:36,(anonymous_3)
FN:50,nullableType
FN:58,isnNullableType
FN:73,objectTypeFromProperties
FN:77,(anonymous_7)
FNF:8
FNH:8
FNDA:100,(anonymous_0)
FNDA:75,(anonymous_1)
FNDA:30,addCommentAsLineComments
FNDA:179,(anonymous_3)
FNDA:80,nullableType
FNDA:10,isnNullableType
FNDA:69,objectTypeFromProperties
FNDA:104,(anonymous_7)
DA:4,1
DA:7,100
DA:10,1
DA:14,75
DA:15,30
DA:17,75
DA:24,30
DA:25,0
DA:27,30
DA:36,1
DA:40,179
DA:41,16
DA:45,16
DA:47,179
DA:51,80
DA:59,10
DA:60,10
DA:61,10
DA:62,4
DA:63,12
DA:64,4
DA:65,8
DA:66,4
DA:70,10
DA:76,69
DA:77,69
DA:78,104
DA:79,104
DA:80,0
DA:82,104
DA:84,104
DA:86,69
LF:32
LH:30
BRDA:14,0,0,30
BRDA:14,0,1,45
BRDA:24,1,0,0
BRDA:24,1,1,30
BRDA:40,2,0,16
BRDA:40,2,1,163
BRDA:42,3,0,16
BRDA:42,3,1,16
BRDA:61,4,0,4
BRDA:61,4,1,6
BRDA:63,5,0,4
BRDA:63,5,1,8
BRDA:65,6,0,4
BRDA:65,6,1,4
BRDA:70,7,0,10
BRDA:70,7,1,4
BRDA:78,8,0,104
BRDA:78,8,1,0
BRDA:79,9,0,0
BRDA:79,9,1,104
BRF:20
BRH:17
end_of_record
TN:
SF:src/cli/config.ts
FN:18,(anonymous_0)
FN:22,(anonymous_1)
FN:27,(anonymous_2)
FN:36,(anonymous_3)
FN:62,(anonymous_4)
FN:69,(anonymous_5)
FN:71,(anonymous_6)
FN:80,(anonymous_7)
FNF:8
FNH:1
FNDA:0,(anonymous_0)
FNDA:0,(anonymous_1)
FNDA:0,(anonymous_2)
FNDA:1,(anonymous_3)
FNDA:0,(anonymous_4)
FNDA:0,(anonymous_5)
FNDA:0,(anonymous_6)
FNDA:0,(anonymous_7)
DA:18,1
DA:19,0
DA:20,0
DA:21,0
DA:22,0
DA:27,1
DA:28,0
DA:29,0
DA:30,0
DA:36,1
DA:37,1
DA:38,1
DA:39,1
DA:40,1
DA:44,1
DA:47,1
DA:49,0
DA:50,0
DA:52,0
DA:53,0
DA:62,1
DA:66,0
DA:67,0
DA:69,0
DA:70,0
DA:72,0
DA:75,0
DA:77,0
DA:78,0
DA:80,0
LF:30
LH:10
BRDA:20,0,0,0
BRDA:20,0,1,0
BRDA:38,1,0,1
BRDA:38,1,1,0
BRDA:66,2,0,0
BRDA:66,2,1,0
BRDA:70,3,0,0
BRDA:70,3,1,0
BRDA:77,4,0,0
BRDA:77,4,1,0
BRF:10
BRH:1
end_of_record
