TN:
SF:src/cli/config.ts
FN:21,(anonymous_0)
FN:25,(anonymous_1)
FN:30,(anonymous_2)
FN:36,(anonymous_3)
FN:45,(anonymous_4)
FN:57,(anonymous_5)
FN:71,(anonymous_6)
FN:74,(anonymous_7)
FN:88,(anonymous_8)
FN:109,(anonymous_9)
FN:136,(anonymous_10)
FN:143,(anonymous_11)
FN:145,(anonymous_12)
FN:154,(anonymous_13)
FNF:14
FNH:9
FNDA:3,(anonymous_0)
FNDA:4,(anonymous_1)
FNDA:3,(anonymous_2)
FNDA:0,(anonymous_3)
FNDA:0,(anonymous_4)
FNDA:0,(anonymous_5)
FNDA:0,(anonymous_6)
FNDA:0,(anonymous_7)
FNDA:2,(anonymous_8)
FNDA:5,(anonymous_9)
FNDA:6,(anonymous_10)
FNDA:10,(anonymous_11)
FNDA:8,(anonymous_12)
FNDA:3,(anonymous_13)
DA:21,3
DA:22,3
DA:23,3
DA:24,1
DA:25,4
DA:30,3
DA:31,3
DA:36,3
DA:39,0
DA:40,0
DA:41,0
DA:43,0
DA:44,0
DA:45,0
DA:46,0
DA:49,0
DA:53,0
DA:54,0
DA:57,3
DA:61,0
DA:68,0
DA:71,0
DA:74,3
DA:75,0
DA:88,3
DA:89,2
DA:90,2
DA:91,2
DA:92,2
DA:96,2
DA:99,2
DA:101,0
DA:102,0
DA:104,0
DA:105,0
DA:109,3
DA:113,5
DA:114,5
DA:116,5
DA:117,2
DA:120,3
DA:122,3
DA:124,3
DA:125,1
DA:128,3
DA:136,3
DA:140,6
DA:141,2
DA:143,6
DA:144,10
DA:146,8
DA:149,3
DA:151,7
DA:152,4
DA:154,3
LF:55
LH:37
BRDA:23,0,0,1
BRDA:23,0,1,2
BRDA:31,1,0,0
BRDA:31,1,1,3
BRDA:40,2,0,0
BRDA:40,2,1,0
BRDA:43,3,0,0
BRDA:43,3,1,0
BRDA:44,4,0,0
BRDA:44,4,1,0
BRDA:75,5,0,0
BRDA:75,5,1,0
BRDA:90,6,0,2
BRDA:90,6,1,0
BRDA:116,7,0,2
BRDA:116,7,1,3
BRDA:116,8,0,5
BRDA:116,8,1,4
BRDA:116,8,2,4
BRDA:124,9,0,1
BRDA:124,9,1,2
BRDA:140,10,0,2
BRDA:140,10,1,4
BRDA:144,11,0,3
BRDA:144,11,1,7
BRDA:151,12,0,4
BRDA:151,12,1,3
BRF:27
BRH:17
end_of_record
